The system is: Linux - 5.15.0-91-generic - x86_64
Compiling the C compiler identification source file "CMakeCCompilerId.c" succeeded.
Compiler: /usr/bin/cc 
Build flags: 
Id flags:  

The output was:
0


Compilation of the C compiler identification source "CMakeCCompilerId.c" produced "a.out"

The C compiler identification is GNU, found in "/home/omadbek/Desktop/Heal Star/frontend/json-c-build/CMakeFiles/3.16.3/CompilerIdC/a.out"

Determining if the C compiler works passed with the following output:
Change Dir: /home/omadbek/Desktop/Heal Star/frontend/json-c-build/CMakeFiles/CMakeTmp

Run Build Command(s):/usr/bin/make cmTC_e786a/fast && /usr/bin/make -f CMakeFiles/cmTC_e786a.dir/build.make CMakeFiles/cmTC_e786a.dir/build
make[1]: Entering directory '/home/omadbek/Desktop/Heal Star/frontend/json-c-build/CMakeFiles/CMakeTmp'
Building C object CMakeFiles/cmTC_e786a.dir/testCCompiler.c.o
/usr/bin/cc    -o CMakeFiles/cmTC_e786a.dir/testCCompiler.c.o   -c "/home/omadbek/Desktop/Heal Star/frontend/json-c-build/CMakeFiles/CMakeTmp/testCCompiler.c"
Linking C executable cmTC_e786a
/usr/bin/cmake -E cmake_link_script CMakeFiles/cmTC_e786a.dir/link.txt --verbose=1
/usr/bin/cc      CMakeFiles/cmTC_e786a.dir/testCCompiler.c.o  -o cmTC_e786a 
make[1]: Leaving directory '/home/omadbek/Desktop/Heal Star/frontend/json-c-build/CMakeFiles/CMakeTmp'



Detecting C compiler ABI info compiled with the following output:
Change Dir: /home/omadbek/Desktop/Heal Star/frontend/json-c-build/CMakeFiles/CMakeTmp

Run Build Command(s):/usr/bin/make cmTC_a599e/fast && /usr/bin/make -f CMakeFiles/cmTC_a599e.dir/build.make CMakeFiles/cmTC_a599e.dir/build
make[1]: Entering directory '/home/omadbek/Desktop/Heal Star/frontend/json-c-build/CMakeFiles/CMakeTmp'
Building C object CMakeFiles/cmTC_a599e.dir/CMakeCCompilerABI.c.o
/usr/bin/cc   -v -o CMakeFiles/cmTC_a599e.dir/CMakeCCompilerABI.c.o   -c /usr/share/cmake-3.16/Modules/CMakeCCompilerABI.c
Using built-in specs.
COLLECT_GCC=/usr/bin/cc
OFFLOAD_TARGET_NAMES=nvptx-none:hsa
OFFLOAD_TARGET_DEFAULT=1
Target: x86_64-linux-gnu
Configured with: ../src/configure -v --with-pkgversion='Ubuntu 9.4.0-1ubuntu1~20.04.2' --with-bugurl=file:///usr/share/doc/gcc-9/README.Bugs --enable-languages=c,ada,c++,go,brig,d,fortran,objc,obj-c++,gm2 --prefix=/usr --with-gcc-major-version-only --program-suffix=-9 --program-prefix=x86_64-linux-gnu- --enable-shared --enable-linker-build-id --libexecdir=/usr/lib --without-included-gettext --enable-threads=posix --libdir=/usr/lib --enable-nls --enable-clocale=gnu --enable-libstdcxx-debug --enable-libstdcxx-time=yes --with-default-libstdcxx-abi=new --enable-gnu-unique-object --disable-vtable-verify --enable-plugin --enable-default-pie --with-system-zlib --with-target-system-zlib=auto --enable-objc-gc=auto --enable-multiarch --disable-werror --with-arch-32=i686 --with-abi=m64 --with-multilib-list=m32,m64,mx32 --enable-multilib --with-tune=generic --enable-offload-targets=nvptx-none=/build/gcc-9-9QDOt0/gcc-9-9.4.0/debian/tmp-nvptx/usr,hsa --without-cuda-driver --enable-checking=release --build=x86_64-linux-gnu --host=x86_64-linux-gnu --target=x86_64-linux-gnu
Thread model: posix
gcc version 9.4.0 (Ubuntu 9.4.0-1ubuntu1~20.04.2) 
COLLECT_GCC_OPTIONS='-v' '-o' 'CMakeFiles/cmTC_a599e.dir/CMakeCCompilerABI.c.o' '-c' '-mtune=generic' '-march=x86-64'
 /usr/lib/gcc/x86_64-linux-gnu/9/cc1 -quiet -v -imultiarch x86_64-linux-gnu /usr/share/cmake-3.16/Modules/CMakeCCompilerABI.c -quiet -dumpbase CMakeCCompilerABI.c -mtune=generic -march=x86-64 -auxbase-strip CMakeFiles/cmTC_a599e.dir/CMakeCCompilerABI.c.o -version -fasynchronous-unwind-tables -fstack-protector-strong -Wformat -Wformat-security -fstack-clash-protection -fcf-protection -o /tmp/ccYLuhNS.s
GNU C17 (Ubuntu 9.4.0-1ubuntu1~20.04.2) version 9.4.0 (x86_64-linux-gnu)
	compiled by GNU C version 9.4.0, GMP version 6.2.0, MPFR version 4.0.2, MPC version 1.1.0, isl version isl-0.22.1-GMP

GGC heuristics: --param ggc-min-expand=100 --param ggc-min-heapsize=131072
ignoring nonexistent directory "/usr/local/include/x86_64-linux-gnu"
ignoring nonexistent directory "/usr/lib/gcc/x86_64-linux-gnu/9/include-fixed"
ignoring nonexistent directory "/usr/lib/gcc/x86_64-linux-gnu/9/../../../../x86_64-linux-gnu/include"
#include "..." search starts here:
#include <...> search starts here:
 /usr/lib/gcc/x86_64-linux-gnu/9/include
 /usr/local/include
 /usr/include/x86_64-linux-gnu
 /usr/include
End of search list.
GNU C17 (Ubuntu 9.4.0-1ubuntu1~20.04.2) version 9.4.0 (x86_64-linux-gnu)
	compiled by GNU C version 9.4.0, GMP version 6.2.0, MPFR version 4.0.2, MPC version 1.1.0, isl version isl-0.22.1-GMP

GGC heuristics: --param ggc-min-expand=100 --param ggc-min-heapsize=131072
Compiler executable checksum: 01da938ff5dc2163489aa33cb3b747a7
COLLECT_GCC_OPTIONS='-v' '-o' 'CMakeFiles/cmTC_a599e.dir/CMakeCCompilerABI.c.o' '-c' '-mtune=generic' '-march=x86-64'
 as -v --64 -o CMakeFiles/cmTC_a599e.dir/CMakeCCompilerABI.c.o /tmp/ccYLuhNS.s
GNU assembler version 2.34 (x86_64-linux-gnu) using BFD version (GNU Binutils for Ubuntu) 2.34
COMPILER_PATH=/usr/lib/gcc/x86_64-linux-gnu/9/:/usr/lib/gcc/x86_64-linux-gnu/9/:/usr/lib/gcc/x86_64-linux-gnu/:/usr/lib/gcc/x86_64-linux-gnu/9/:/usr/lib/gcc/x86_64-linux-gnu/
LIBRARY_PATH=/usr/lib/gcc/x86_64-linux-gnu/9/:/usr/lib/gcc/x86_64-linux-gnu/9/../../../x86_64-linux-gnu/:/usr/lib/gcc/x86_64-linux-gnu/9/../../../../lib/:/lib/x86_64-linux-gnu/:/lib/../lib/:/usr/lib/x86_64-linux-gnu/:/usr/lib/../lib/:/usr/lib/gcc/x86_64-linux-gnu/9/../../../:/lib/:/usr/lib/
COLLECT_GCC_OPTIONS='-v' '-o' 'CMakeFiles/cmTC_a599e.dir/CMakeCCompilerABI.c.o' '-c' '-mtune=generic' '-march=x86-64'
Linking C executable cmTC_a599e
/usr/bin/cmake -E cmake_link_script CMakeFiles/cmTC_a599e.dir/link.txt --verbose=1
/usr/bin/cc     -v CMakeFiles/cmTC_a599e.dir/CMakeCCompilerABI.c.o  -o cmTC_a599e 
Using built-in specs.
COLLECT_GCC=/usr/bin/cc
COLLECT_LTO_WRAPPER=/usr/lib/gcc/x86_64-linux-gnu/9/lto-wrapper
OFFLOAD_TARGET_NAMES=nvptx-none:hsa
OFFLOAD_TARGET_DEFAULT=1
Target: x86_64-linux-gnu
Configured with: ../src/configure -v --with-pkgversion='Ubuntu 9.4.0-1ubuntu1~20.04.2' --with-bugurl=file:///usr/share/doc/gcc-9/README.Bugs --enable-languages=c,ada,c++,go,brig,d,fortran,objc,obj-c++,gm2 --prefix=/usr --with-gcc-major-version-only --program-suffix=-9 --program-prefix=x86_64-linux-gnu- --enable-shared --enable-linker-build-id --libexecdir=/usr/lib --without-included-gettext --enable-threads=posix --libdir=/usr/lib --enable-nls --enable-clocale=gnu --enable-libstdcxx-debug --enable-libstdcxx-time=yes --with-default-libstdcxx-abi=new --enable-gnu-unique-object --disable-vtable-verify --enable-plugin --enable-default-pie --with-system-zlib --with-target-system-zlib=auto --enable-objc-gc=auto --enable-multiarch --disable-werror --with-arch-32=i686 --with-abi=m64 --with-multilib-list=m32,m64,mx32 --enable-multilib --with-tune=generic --enable-offload-targets=nvptx-none=/build/gcc-9-9QDOt0/gcc-9-9.4.0/debian/tmp-nvptx/usr,hsa --without-cuda-driver --enable-checking=release --build=x86_64-linux-gnu --host=x86_64-linux-gnu --target=x86_64-linux-gnu
Thread model: posix
gcc version 9.4.0 (Ubuntu 9.4.0-1ubuntu1~20.04.2) 
COMPILER_PATH=/usr/lib/gcc/x86_64-linux-gnu/9/:/usr/lib/gcc/x86_64-linux-gnu/9/:/usr/lib/gcc/x86_64-linux-gnu/:/usr/lib/gcc/x86_64-linux-gnu/9/:/usr/lib/gcc/x86_64-linux-gnu/
LIBRARY_PATH=/usr/lib/gcc/x86_64-linux-gnu/9/:/usr/lib/gcc/x86_64-linux-gnu/9/../../../x86_64-linux-gnu/:/usr/lib/gcc/x86_64-linux-gnu/9/../../../../lib/:/lib/x86_64-linux-gnu/:/lib/../lib/:/usr/lib/x86_64-linux-gnu/:/usr/lib/../lib/:/usr/lib/gcc/x86_64-linux-gnu/9/../../../:/lib/:/usr/lib/
COLLECT_GCC_OPTIONS='-v' '-o' 'cmTC_a599e' '-mtune=generic' '-march=x86-64'
 /usr/lib/gcc/x86_64-linux-gnu/9/collect2 -plugin /usr/lib/gcc/x86_64-linux-gnu/9/liblto_plugin.so -plugin-opt=/usr/lib/gcc/x86_64-linux-gnu/9/lto-wrapper -plugin-opt=-fresolution=/tmp/ccVnWAEw.res -plugin-opt=-pass-through=-lgcc -plugin-opt=-pass-through=-lgcc_s -plugin-opt=-pass-through=-lc -plugin-opt=-pass-through=-lgcc -plugin-opt=-pass-through=-lgcc_s --build-id --eh-frame-hdr -m elf_x86_64 --hash-style=gnu --as-needed -dynamic-linker /lib64/ld-linux-x86-64.so.2 -pie -z now -z relro -o cmTC_a599e /usr/lib/gcc/x86_64-linux-gnu/9/../../../x86_64-linux-gnu/Scrt1.o /usr/lib/gcc/x86_64-linux-gnu/9/../../../x86_64-linux-gnu/crti.o /usr/lib/gcc/x86_64-linux-gnu/9/crtbeginS.o -L/usr/lib/gcc/x86_64-linux-gnu/9 -L/usr/lib/gcc/x86_64-linux-gnu/9/../../../x86_64-linux-gnu -L/usr/lib/gcc/x86_64-linux-gnu/9/../../../../lib -L/lib/x86_64-linux-gnu -L/lib/../lib -L/usr/lib/x86_64-linux-gnu -L/usr/lib/../lib -L/usr/lib/gcc/x86_64-linux-gnu/9/../../.. CMakeFiles/cmTC_a599e.dir/CMakeCCompilerABI.c.o -lgcc --push-state --as-needed -lgcc_s --pop-state -lc -lgcc --push-state --as-needed -lgcc_s --pop-state /usr/lib/gcc/x86_64-linux-gnu/9/crtendS.o /usr/lib/gcc/x86_64-linux-gnu/9/../../../x86_64-linux-gnu/crtn.o
COLLECT_GCC_OPTIONS='-v' '-o' 'cmTC_a599e' '-mtune=generic' '-march=x86-64'
make[1]: Leaving directory '/home/omadbek/Desktop/Heal Star/frontend/json-c-build/CMakeFiles/CMakeTmp'



Parsed C implicit include dir info from above output: rv=done
  found start of include info
  found start of implicit include info
    add: [/usr/lib/gcc/x86_64-linux-gnu/9/include]
    add: [/usr/local/include]
    add: [/usr/include/x86_64-linux-gnu]
    add: [/usr/include]
  end of search list found
  collapse include dir [/usr/lib/gcc/x86_64-linux-gnu/9/include] ==> [/usr/lib/gcc/x86_64-linux-gnu/9/include]
  collapse include dir [/usr/local/include] ==> [/usr/local/include]
  collapse include dir [/usr/include/x86_64-linux-gnu] ==> [/usr/include/x86_64-linux-gnu]
  collapse include dir [/usr/include] ==> [/usr/include]
  implicit include dirs: [/usr/lib/gcc/x86_64-linux-gnu/9/include;/usr/local/include;/usr/include/x86_64-linux-gnu;/usr/include]


Parsed C implicit link information from above output:
  link line regex: [^( *|.*[/\])(ld|CMAKE_LINK_STARTFILE-NOTFOUND|([^/\]+-)?ld|collect2)[^/\]*( |$)]
  ignore line: [Change Dir: /home/omadbek/Desktop/Heal Star/frontend/json-c-build/CMakeFiles/CMakeTmp]
  ignore line: []
  ignore line: [Run Build Command(s):/usr/bin/make cmTC_a599e/fast && /usr/bin/make -f CMakeFiles/cmTC_a599e.dir/build.make CMakeFiles/cmTC_a599e.dir/build]
  ignore line: [make[1]: Entering directory '/home/omadbek/Desktop/Heal Star/frontend/json-c-build/CMakeFiles/CMakeTmp']
  ignore line: [Building C object CMakeFiles/cmTC_a599e.dir/CMakeCCompilerABI.c.o]
  ignore line: [/usr/bin/cc   -v -o CMakeFiles/cmTC_a599e.dir/CMakeCCompilerABI.c.o   -c /usr/share/cmake-3.16/Modules/CMakeCCompilerABI.c]
  ignore line: [Using built-in specs.]
  ignore line: [COLLECT_GCC=/usr/bin/cc]
  ignore line: [OFFLOAD_TARGET_NAMES=nvptx-none:hsa]
  ignore line: [OFFLOAD_TARGET_DEFAULT=1]
  ignore line: [Target: x86_64-linux-gnu]
  ignore line: [Configured with: ../src/configure -v --with-pkgversion='Ubuntu 9.4.0-1ubuntu1~20.04.2' --with-bugurl=file:///usr/share/doc/gcc-9/README.Bugs --enable-languages=c ada c++ go brig d fortran objc obj-c++ gm2 --prefix=/usr --with-gcc-major-version-only --program-suffix=-9 --program-prefix=x86_64-linux-gnu- --enable-shared --enable-linker-build-id --libexecdir=/usr/lib --without-included-gettext --enable-threads=posix --libdir=/usr/lib --enable-nls --enable-clocale=gnu --enable-libstdcxx-debug --enable-libstdcxx-time=yes --with-default-libstdcxx-abi=new --enable-gnu-unique-object --disable-vtable-verify --enable-plugin --enable-default-pie --with-system-zlib --with-target-system-zlib=auto --enable-objc-gc=auto --enable-multiarch --disable-werror --with-arch-32=i686 --with-abi=m64 --with-multilib-list=m32 m64 mx32 --enable-multilib --with-tune=generic --enable-offload-targets=nvptx-none=/build/gcc-9-9QDOt0/gcc-9-9.4.0/debian/tmp-nvptx/usr hsa --without-cuda-driver --enable-checking=release --build=x86_64-linux-gnu --host=x86_64-linux-gnu --target=x86_64-linux-gnu]
  ignore line: [Thread model: posix]
  ignore line: [gcc version 9.4.0 (Ubuntu 9.4.0-1ubuntu1~20.04.2) ]
  ignore line: [COLLECT_GCC_OPTIONS='-v' '-o' 'CMakeFiles/cmTC_a599e.dir/CMakeCCompilerABI.c.o' '-c' '-mtune=generic' '-march=x86-64']
  ignore line: [ /usr/lib/gcc/x86_64-linux-gnu/9/cc1 -quiet -v -imultiarch x86_64-linux-gnu /usr/share/cmake-3.16/Modules/CMakeCCompilerABI.c -quiet -dumpbase CMakeCCompilerABI.c -mtune=generic -march=x86-64 -auxbase-strip CMakeFiles/cmTC_a599e.dir/CMakeCCompilerABI.c.o -version -fasynchronous-unwind-tables -fstack-protector-strong -Wformat -Wformat-security -fstack-clash-protection -fcf-protection -o /tmp/ccYLuhNS.s]
  ignore line: [GNU C17 (Ubuntu 9.4.0-1ubuntu1~20.04.2) version 9.4.0 (x86_64-linux-gnu)]
  ignore line: [	compiled by GNU C version 9.4.0  GMP version 6.2.0  MPFR version 4.0.2  MPC version 1.1.0  isl version isl-0.22.1-GMP]
  ignore line: []
  ignore line: [GGC heuristics: --param ggc-min-expand=100 --param ggc-min-heapsize=131072]
  ignore line: [ignoring nonexistent directory "/usr/local/include/x86_64-linux-gnu"]
  ignore line: [ignoring nonexistent directory "/usr/lib/gcc/x86_64-linux-gnu/9/include-fixed"]
  ignore line: [ignoring nonexistent directory "/usr/lib/gcc/x86_64-linux-gnu/9/../../../../x86_64-linux-gnu/include"]
  ignore line: [#include "..." search starts here:]
  ignore line: [#include <...> search starts here:]
  ignore line: [ /usr/lib/gcc/x86_64-linux-gnu/9/include]
  ignore line: [ /usr/local/include]
  ignore line: [ /usr/include/x86_64-linux-gnu]
  ignore line: [ /usr/include]
  ignore line: [End of search list.]
  ignore line: [GNU C17 (Ubuntu 9.4.0-1ubuntu1~20.04.2) version 9.4.0 (x86_64-linux-gnu)]
  ignore line: [	compiled by GNU C version 9.4.0  GMP version 6.2.0  MPFR version 4.0.2  MPC version 1.1.0  isl version isl-0.22.1-GMP]
  ignore line: []
  ignore line: [GGC heuristics: --param ggc-min-expand=100 --param ggc-min-heapsize=131072]
  ignore line: [Compiler executable checksum: 01da938ff5dc2163489aa33cb3b747a7]
  ignore line: [COLLECT_GCC_OPTIONS='-v' '-o' 'CMakeFiles/cmTC_a599e.dir/CMakeCCompilerABI.c.o' '-c' '-mtune=generic' '-march=x86-64']
  ignore line: [ as -v --64 -o CMakeFiles/cmTC_a599e.dir/CMakeCCompilerABI.c.o /tmp/ccYLuhNS.s]
  ignore line: [GNU assembler version 2.34 (x86_64-linux-gnu) using BFD version (GNU Binutils for Ubuntu) 2.34]
  ignore line: [COMPILER_PATH=/usr/lib/gcc/x86_64-linux-gnu/9/:/usr/lib/gcc/x86_64-linux-gnu/9/:/usr/lib/gcc/x86_64-linux-gnu/:/usr/lib/gcc/x86_64-linux-gnu/9/:/usr/lib/gcc/x86_64-linux-gnu/]
  ignore line: [LIBRARY_PATH=/usr/lib/gcc/x86_64-linux-gnu/9/:/usr/lib/gcc/x86_64-linux-gnu/9/../../../x86_64-linux-gnu/:/usr/lib/gcc/x86_64-linux-gnu/9/../../../../lib/:/lib/x86_64-linux-gnu/:/lib/../lib/:/usr/lib/x86_64-linux-gnu/:/usr/lib/../lib/:/usr/lib/gcc/x86_64-linux-gnu/9/../../../:/lib/:/usr/lib/]
  ignore line: [COLLECT_GCC_OPTIONS='-v' '-o' 'CMakeFiles/cmTC_a599e.dir/CMakeCCompilerABI.c.o' '-c' '-mtune=generic' '-march=x86-64']
  ignore line: [Linking C executable cmTC_a599e]
  ignore line: [/usr/bin/cmake -E cmake_link_script CMakeFiles/cmTC_a599e.dir/link.txt --verbose=1]
  ignore line: [/usr/bin/cc     -v CMakeFiles/cmTC_a599e.dir/CMakeCCompilerABI.c.o  -o cmTC_a599e ]
  ignore line: [Using built-in specs.]
  ignore line: [COLLECT_GCC=/usr/bin/cc]
  ignore line: [COLLECT_LTO_WRAPPER=/usr/lib/gcc/x86_64-linux-gnu/9/lto-wrapper]
  ignore line: [OFFLOAD_TARGET_NAMES=nvptx-none:hsa]
  ignore line: [OFFLOAD_TARGET_DEFAULT=1]
  ignore line: [Target: x86_64-linux-gnu]
  ignore line: [Configured with: ../src/configure -v --with-pkgversion='Ubuntu 9.4.0-1ubuntu1~20.04.2' --with-bugurl=file:///usr/share/doc/gcc-9/README.Bugs --enable-languages=c ada c++ go brig d fortran objc obj-c++ gm2 --prefix=/usr --with-gcc-major-version-only --program-suffix=-9 --program-prefix=x86_64-linux-gnu- --enable-shared --enable-linker-build-id --libexecdir=/usr/lib --without-included-gettext --enable-threads=posix --libdir=/usr/lib --enable-nls --enable-clocale=gnu --enable-libstdcxx-debug --enable-libstdcxx-time=yes --with-default-libstdcxx-abi=new --enable-gnu-unique-object --disable-vtable-verify --enable-plugin --enable-default-pie --with-system-zlib --with-target-system-zlib=auto --enable-objc-gc=auto --enable-multiarch --disable-werror --with-arch-32=i686 --with-abi=m64 --with-multilib-list=m32 m64 mx32 --enable-multilib --with-tune=generic --enable-offload-targets=nvptx-none=/build/gcc-9-9QDOt0/gcc-9-9.4.0/debian/tmp-nvptx/usr hsa --without-cuda-driver --enable-checking=release --build=x86_64-linux-gnu --host=x86_64-linux-gnu --target=x86_64-linux-gnu]
  ignore line: [Thread model: posix]
  ignore line: [gcc version 9.4.0 (Ubuntu 9.4.0-1ubuntu1~20.04.2) ]
  ignore line: [COMPILER_PATH=/usr/lib/gcc/x86_64-linux-gnu/9/:/usr/lib/gcc/x86_64-linux-gnu/9/:/usr/lib/gcc/x86_64-linux-gnu/:/usr/lib/gcc/x86_64-linux-gnu/9/:/usr/lib/gcc/x86_64-linux-gnu/]
  ignore line: [LIBRARY_PATH=/usr/lib/gcc/x86_64-linux-gnu/9/:/usr/lib/gcc/x86_64-linux-gnu/9/../../../x86_64-linux-gnu/:/usr/lib/gcc/x86_64-linux-gnu/9/../../../../lib/:/lib/x86_64-linux-gnu/:/lib/../lib/:/usr/lib/x86_64-linux-gnu/:/usr/lib/../lib/:/usr/lib/gcc/x86_64-linux-gnu/9/../../../:/lib/:/usr/lib/]
  ignore line: [COLLECT_GCC_OPTIONS='-v' '-o' 'cmTC_a599e' '-mtune=generic' '-march=x86-64']
  link line: [ /usr/lib/gcc/x86_64-linux-gnu/9/collect2 -plugin /usr/lib/gcc/x86_64-linux-gnu/9/liblto_plugin.so -plugin-opt=/usr/lib/gcc/x86_64-linux-gnu/9/lto-wrapper -plugin-opt=-fresolution=/tmp/ccVnWAEw.res -plugin-opt=-pass-through=-lgcc -plugin-opt=-pass-through=-lgcc_s -plugin-opt=-pass-through=-lc -plugin-opt=-pass-through=-lgcc -plugin-opt=-pass-through=-lgcc_s --build-id --eh-frame-hdr -m elf_x86_64 --hash-style=gnu --as-needed -dynamic-linker /lib64/ld-linux-x86-64.so.2 -pie -z now -z relro -o cmTC_a599e /usr/lib/gcc/x86_64-linux-gnu/9/../../../x86_64-linux-gnu/Scrt1.o /usr/lib/gcc/x86_64-linux-gnu/9/../../../x86_64-linux-gnu/crti.o /usr/lib/gcc/x86_64-linux-gnu/9/crtbeginS.o -L/usr/lib/gcc/x86_64-linux-gnu/9 -L/usr/lib/gcc/x86_64-linux-gnu/9/../../../x86_64-linux-gnu -L/usr/lib/gcc/x86_64-linux-gnu/9/../../../../lib -L/lib/x86_64-linux-gnu -L/lib/../lib -L/usr/lib/x86_64-linux-gnu -L/usr/lib/../lib -L/usr/lib/gcc/x86_64-linux-gnu/9/../../.. CMakeFiles/cmTC_a599e.dir/CMakeCCompilerABI.c.o -lgcc --push-state --as-needed -lgcc_s --pop-state -lc -lgcc --push-state --as-needed -lgcc_s --pop-state /usr/lib/gcc/x86_64-linux-gnu/9/crtendS.o /usr/lib/gcc/x86_64-linux-gnu/9/../../../x86_64-linux-gnu/crtn.o]
    arg [/usr/lib/gcc/x86_64-linux-gnu/9/collect2] ==> ignore
    arg [-plugin] ==> ignore
    arg [/usr/lib/gcc/x86_64-linux-gnu/9/liblto_plugin.so] ==> ignore
    arg [-plugin-opt=/usr/lib/gcc/x86_64-linux-gnu/9/lto-wrapper] ==> ignore
    arg [-plugin-opt=-fresolution=/tmp/ccVnWAEw.res] ==> ignore
    arg [-plugin-opt=-pass-through=-lgcc] ==> ignore
    arg [-plugin-opt=-pass-through=-lgcc_s] ==> ignore
    arg [-plugin-opt=-pass-through=-lc] ==> ignore
    arg [-plugin-opt=-pass-through=-lgcc] ==> ignore
    arg [-plugin-opt=-pass-through=-lgcc_s] ==> ignore
    arg [--build-id] ==> ignore
    arg [--eh-frame-hdr] ==> ignore
    arg [-m] ==> ignore
    arg [elf_x86_64] ==> ignore
    arg [--hash-style=gnu] ==> ignore
    arg [--as-needed] ==> ignore
    arg [-dynamic-linker] ==> ignore
    arg [/lib64/ld-linux-x86-64.so.2] ==> ignore
    arg [-pie] ==> ignore
    arg [-znow] ==> ignore
    arg [-zrelro] ==> ignore
    arg [-o] ==> ignore
    arg [cmTC_a599e] ==> ignore
    arg [/usr/lib/gcc/x86_64-linux-gnu/9/../../../x86_64-linux-gnu/Scrt1.o] ==> ignore
    arg [/usr/lib/gcc/x86_64-linux-gnu/9/../../../x86_64-linux-gnu/crti.o] ==> ignore
    arg [/usr/lib/gcc/x86_64-linux-gnu/9/crtbeginS.o] ==> ignore
    arg [-L/usr/lib/gcc/x86_64-linux-gnu/9] ==> dir [/usr/lib/gcc/x86_64-linux-gnu/9]
    arg [-L/usr/lib/gcc/x86_64-linux-gnu/9/../../../x86_64-linux-gnu] ==> dir [/usr/lib/gcc/x86_64-linux-gnu/9/../../../x86_64-linux-gnu]
    arg [-L/usr/lib/gcc/x86_64-linux-gnu/9/../../../../lib] ==> dir [/usr/lib/gcc/x86_64-linux-gnu/9/../../../../lib]
    arg [-L/lib/x86_64-linux-gnu] ==> dir [/lib/x86_64-linux-gnu]
    arg [-L/lib/../lib] ==> dir [/lib/../lib]
    arg [-L/usr/lib/x86_64-linux-gnu] ==> dir [/usr/lib/x86_64-linux-gnu]
    arg [-L/usr/lib/../lib] ==> dir [/usr/lib/../lib]
    arg [-L/usr/lib/gcc/x86_64-linux-gnu/9/../../..] ==> dir [/usr/lib/gcc/x86_64-linux-gnu/9/../../..]
    arg [CMakeFiles/cmTC_a599e.dir/CMakeCCompilerABI.c.o] ==> ignore
    arg [-lgcc] ==> lib [gcc]
    arg [--push-state] ==> ignore
    arg [--as-needed] ==> ignore
    arg [-lgcc_s] ==> lib [gcc_s]
    arg [--pop-state] ==> ignore
    arg [-lc] ==> lib [c]
    arg [-lgcc] ==> lib [gcc]
    arg [--push-state] ==> ignore
    arg [--as-needed] ==> ignore
    arg [-lgcc_s] ==> lib [gcc_s]
    arg [--pop-state] ==> ignore
    arg [/usr/lib/gcc/x86_64-linux-gnu/9/crtendS.o] ==> ignore
    arg [/usr/lib/gcc/x86_64-linux-gnu/9/../../../x86_64-linux-gnu/crtn.o] ==> ignore
  collapse library dir [/usr/lib/gcc/x86_64-linux-gnu/9] ==> [/usr/lib/gcc/x86_64-linux-gnu/9]
  collapse library dir [/usr/lib/gcc/x86_64-linux-gnu/9/../../../x86_64-linux-gnu] ==> [/usr/lib/x86_64-linux-gnu]
  collapse library dir [/usr/lib/gcc/x86_64-linux-gnu/9/../../../../lib] ==> [/usr/lib]
  collapse library dir [/lib/x86_64-linux-gnu] ==> [/lib/x86_64-linux-gnu]
  collapse library dir [/lib/../lib] ==> [/lib]
  collapse library dir [/usr/lib/x86_64-linux-gnu] ==> [/usr/lib/x86_64-linux-gnu]
  collapse library dir [/usr/lib/../lib] ==> [/usr/lib]
  collapse library dir [/usr/lib/gcc/x86_64-linux-gnu/9/../../..] ==> [/usr/lib]
  implicit libs: [gcc;gcc_s;c;gcc;gcc_s]
  implicit dirs: [/usr/lib/gcc/x86_64-linux-gnu/9;/usr/lib/x86_64-linux-gnu;/usr/lib;/lib/x86_64-linux-gnu;/lib]
  implicit fwks: []


Determining if the include file fcntl.h exists passed with the following output:
Change Dir: /home/omadbek/Desktop/Heal Star/frontend/json-c-build/CMakeFiles/CMakeTmp

Run Build Command(s):/usr/bin/make cmTC_53862/fast && /usr/bin/make -f CMakeFiles/cmTC_53862.dir/build.make CMakeFiles/cmTC_53862.dir/build
make[1]: Entering directory '/home/omadbek/Desktop/Heal Star/frontend/json-c-build/CMakeFiles/CMakeTmp'
Building C object CMakeFiles/cmTC_53862.dir/CheckIncludeFile.c.o
/usr/bin/cc -D_GNU_SOURCE  -fPIE   -o CMakeFiles/cmTC_53862.dir/CheckIncludeFile.c.o   -c "/home/omadbek/Desktop/Heal Star/frontend/json-c-build/CMakeFiles/CMakeTmp/CheckIncludeFile.c"
Linking C executable cmTC_53862
/usr/bin/cmake -E cmake_link_script CMakeFiles/cmTC_53862.dir/link.txt --verbose=1
/usr/bin/cc      CMakeFiles/cmTC_53862.dir/CheckIncludeFile.c.o  -o cmTC_53862  -lm 
make[1]: Leaving directory '/home/omadbek/Desktop/Heal Star/frontend/json-c-build/CMakeFiles/CMakeTmp'



Determining if the include file inttypes.h exists passed with the following output:
Change Dir: /home/omadbek/Desktop/Heal Star/frontend/json-c-build/CMakeFiles/CMakeTmp

Run Build Command(s):/usr/bin/make cmTC_1db30/fast && /usr/bin/make -f CMakeFiles/cmTC_1db30.dir/build.make CMakeFiles/cmTC_1db30.dir/build
make[1]: Entering directory '/home/omadbek/Desktop/Heal Star/frontend/json-c-build/CMakeFiles/CMakeTmp'
Building C object CMakeFiles/cmTC_1db30.dir/CheckIncludeFile.c.o
/usr/bin/cc -D_GNU_SOURCE  -fPIE   -o CMakeFiles/cmTC_1db30.dir/CheckIncludeFile.c.o   -c "/home/omadbek/Desktop/Heal Star/frontend/json-c-build/CMakeFiles/CMakeTmp/CheckIncludeFile.c"
Linking C executable cmTC_1db30
/usr/bin/cmake -E cmake_link_script CMakeFiles/cmTC_1db30.dir/link.txt --verbose=1
/usr/bin/cc      CMakeFiles/cmTC_1db30.dir/CheckIncludeFile.c.o  -o cmTC_1db30  -lm 
make[1]: Leaving directory '/home/omadbek/Desktop/Heal Star/frontend/json-c-build/CMakeFiles/CMakeTmp'



Determining if the include file stdarg.h exists passed with the following output:
Change Dir: /home/omadbek/Desktop/Heal Star/frontend/json-c-build/CMakeFiles/CMakeTmp

Run Build Command(s):/usr/bin/make cmTC_8ac0d/fast && /usr/bin/make -f CMakeFiles/cmTC_8ac0d.dir/build.make CMakeFiles/cmTC_8ac0d.dir/build
make[1]: Entering directory '/home/omadbek/Desktop/Heal Star/frontend/json-c-build/CMakeFiles/CMakeTmp'
Building C object CMakeFiles/cmTC_8ac0d.dir/CheckIncludeFile.c.o
/usr/bin/cc -D_GNU_SOURCE  -fPIE   -o CMakeFiles/cmTC_8ac0d.dir/CheckIncludeFile.c.o   -c "/home/omadbek/Desktop/Heal Star/frontend/json-c-build/CMakeFiles/CMakeTmp/CheckIncludeFile.c"
Linking C executable cmTC_8ac0d
/usr/bin/cmake -E cmake_link_script CMakeFiles/cmTC_8ac0d.dir/link.txt --verbose=1
/usr/bin/cc      CMakeFiles/cmTC_8ac0d.dir/CheckIncludeFile.c.o  -o cmTC_8ac0d  -lm 
make[1]: Leaving directory '/home/omadbek/Desktop/Heal Star/frontend/json-c-build/CMakeFiles/CMakeTmp'



Determining if the include file strings.h exists passed with the following output:
Change Dir: /home/omadbek/Desktop/Heal Star/frontend/json-c-build/CMakeFiles/CMakeTmp

Run Build Command(s):/usr/bin/make cmTC_b46c4/fast && /usr/bin/make -f CMakeFiles/cmTC_b46c4.dir/build.make CMakeFiles/cmTC_b46c4.dir/build
make[1]: Entering directory '/home/omadbek/Desktop/Heal Star/frontend/json-c-build/CMakeFiles/CMakeTmp'
Building C object CMakeFiles/cmTC_b46c4.dir/CheckIncludeFile.c.o
/usr/bin/cc -D_GNU_SOURCE  -fPIE   -o CMakeFiles/cmTC_b46c4.dir/CheckIncludeFile.c.o   -c "/home/omadbek/Desktop/Heal Star/frontend/json-c-build/CMakeFiles/CMakeTmp/CheckIncludeFile.c"
Linking C executable cmTC_b46c4
/usr/bin/cmake -E cmake_link_script CMakeFiles/cmTC_b46c4.dir/link.txt --verbose=1
/usr/bin/cc      CMakeFiles/cmTC_b46c4.dir/CheckIncludeFile.c.o  -o cmTC_b46c4  -lm 
make[1]: Leaving directory '/home/omadbek/Desktop/Heal Star/frontend/json-c-build/CMakeFiles/CMakeTmp'



Determining if the include file string.h exists passed with the following output:
Change Dir: /home/omadbek/Desktop/Heal Star/frontend/json-c-build/CMakeFiles/CMakeTmp

Run Build Command(s):/usr/bin/make cmTC_30a31/fast && /usr/bin/make -f CMakeFiles/cmTC_30a31.dir/build.make CMakeFiles/cmTC_30a31.dir/build
make[1]: Entering directory '/home/omadbek/Desktop/Heal Star/frontend/json-c-build/CMakeFiles/CMakeTmp'
Building C object CMakeFiles/cmTC_30a31.dir/CheckIncludeFile.c.o
/usr/bin/cc -D_GNU_SOURCE  -fPIE   -o CMakeFiles/cmTC_30a31.dir/CheckIncludeFile.c.o   -c "/home/omadbek/Desktop/Heal Star/frontend/json-c-build/CMakeFiles/CMakeTmp/CheckIncludeFile.c"
Linking C executable cmTC_30a31
/usr/bin/cmake -E cmake_link_script CMakeFiles/cmTC_30a31.dir/link.txt --verbose=1
/usr/bin/cc      CMakeFiles/cmTC_30a31.dir/CheckIncludeFile.c.o  -o cmTC_30a31  -lm 
make[1]: Leaving directory '/home/omadbek/Desktop/Heal Star/frontend/json-c-build/CMakeFiles/CMakeTmp'



Determining if the include file syslog.h exists passed with the following output:
Change Dir: /home/omadbek/Desktop/Heal Star/frontend/json-c-build/CMakeFiles/CMakeTmp

Run Build Command(s):/usr/bin/make cmTC_693db/fast && /usr/bin/make -f CMakeFiles/cmTC_693db.dir/build.make CMakeFiles/cmTC_693db.dir/build
make[1]: Entering directory '/home/omadbek/Desktop/Heal Star/frontend/json-c-build/CMakeFiles/CMakeTmp'
Building C object CMakeFiles/cmTC_693db.dir/CheckIncludeFile.c.o
/usr/bin/cc -D_GNU_SOURCE  -fPIE   -o CMakeFiles/cmTC_693db.dir/CheckIncludeFile.c.o   -c "/home/omadbek/Desktop/Heal Star/frontend/json-c-build/CMakeFiles/CMakeTmp/CheckIncludeFile.c"
Linking C executable cmTC_693db
/usr/bin/cmake -E cmake_link_script CMakeFiles/cmTC_693db.dir/link.txt --verbose=1
/usr/bin/cc      CMakeFiles/cmTC_693db.dir/CheckIncludeFile.c.o  -o cmTC_693db  -lm 
make[1]: Leaving directory '/home/omadbek/Desktop/Heal Star/frontend/json-c-build/CMakeFiles/CMakeTmp'



Determining if files stdlib.h;stdarg.h;string.h;float.h exist passed with the following output:
Change Dir: /home/omadbek/Desktop/Heal Star/frontend/json-c-build/CMakeFiles/CMakeTmp

Run Build Command(s):/usr/bin/make cmTC_69522/fast && /usr/bin/make -f CMakeFiles/cmTC_69522.dir/build.make CMakeFiles/cmTC_69522.dir/build
make[1]: Entering directory '/home/omadbek/Desktop/Heal Star/frontend/json-c-build/CMakeFiles/CMakeTmp'
Building C object CMakeFiles/cmTC_69522.dir/STDC_HEADERS.c.o
/usr/bin/cc -D_GNU_SOURCE  -fPIE   -o CMakeFiles/cmTC_69522.dir/STDC_HEADERS.c.o   -c "/home/omadbek/Desktop/Heal Star/frontend/json-c-build/CMakeFiles/CheckIncludeFiles/STDC_HEADERS.c"
Linking C executable cmTC_69522
/usr/bin/cmake -E cmake_link_script CMakeFiles/cmTC_69522.dir/link.txt --verbose=1
/usr/bin/cc      CMakeFiles/cmTC_69522.dir/STDC_HEADERS.c.o  -o cmTC_69522  -lm 
make[1]: Leaving directory '/home/omadbek/Desktop/Heal Star/frontend/json-c-build/CMakeFiles/CMakeTmp'



Determining if the include file unistd.h exists passed with the following output:
Change Dir: /home/omadbek/Desktop/Heal Star/frontend/json-c-build/CMakeFiles/CMakeTmp

Run Build Command(s):/usr/bin/make cmTC_b021e/fast && /usr/bin/make -f CMakeFiles/cmTC_b021e.dir/build.make CMakeFiles/cmTC_b021e.dir/build
make[1]: Entering directory '/home/omadbek/Desktop/Heal Star/frontend/json-c-build/CMakeFiles/CMakeTmp'
Building C object CMakeFiles/cmTC_b021e.dir/CheckIncludeFile.c.o
/usr/bin/cc -D_GNU_SOURCE  -fPIE   -o CMakeFiles/cmTC_b021e.dir/CheckIncludeFile.c.o   -c "/home/omadbek/Desktop/Heal Star/frontend/json-c-build/CMakeFiles/CMakeTmp/CheckIncludeFile.c"
Linking C executable cmTC_b021e
/usr/bin/cmake -E cmake_link_script CMakeFiles/cmTC_b021e.dir/link.txt --verbose=1
/usr/bin/cc      CMakeFiles/cmTC_b021e.dir/CheckIncludeFile.c.o  -o cmTC_b021e  -lm 
make[1]: Leaving directory '/home/omadbek/Desktop/Heal Star/frontend/json-c-build/CMakeFiles/CMakeTmp'



Determining if the include file sys/types.h exists passed with the following output:
Change Dir: /home/omadbek/Desktop/Heal Star/frontend/json-c-build/CMakeFiles/CMakeTmp

Run Build Command(s):/usr/bin/make cmTC_aa647/fast && /usr/bin/make -f CMakeFiles/cmTC_aa647.dir/build.make CMakeFiles/cmTC_aa647.dir/build
make[1]: Entering directory '/home/omadbek/Desktop/Heal Star/frontend/json-c-build/CMakeFiles/CMakeTmp'
Building C object CMakeFiles/cmTC_aa647.dir/CheckIncludeFile.c.o
/usr/bin/cc -D_GNU_SOURCE  -fPIE   -o CMakeFiles/cmTC_aa647.dir/CheckIncludeFile.c.o   -c "/home/omadbek/Desktop/Heal Star/frontend/json-c-build/CMakeFiles/CMakeTmp/CheckIncludeFile.c"
Linking C executable cmTC_aa647
/usr/bin/cmake -E cmake_link_script CMakeFiles/cmTC_aa647.dir/link.txt --verbose=1
/usr/bin/cc      CMakeFiles/cmTC_aa647.dir/CheckIncludeFile.c.o  -o cmTC_aa647  -lm 
make[1]: Leaving directory '/home/omadbek/Desktop/Heal Star/frontend/json-c-build/CMakeFiles/CMakeTmp'



Determining if the include file sys/resource.h exists passed with the following output:
Change Dir: /home/omadbek/Desktop/Heal Star/frontend/json-c-build/CMakeFiles/CMakeTmp

Run Build Command(s):/usr/bin/make cmTC_a55fa/fast && /usr/bin/make -f CMakeFiles/cmTC_a55fa.dir/build.make CMakeFiles/cmTC_a55fa.dir/build
make[1]: Entering directory '/home/omadbek/Desktop/Heal Star/frontend/json-c-build/CMakeFiles/CMakeTmp'
Building C object CMakeFiles/cmTC_a55fa.dir/CheckIncludeFile.c.o
/usr/bin/cc -D_GNU_SOURCE  -fPIE   -o CMakeFiles/cmTC_a55fa.dir/CheckIncludeFile.c.o   -c "/home/omadbek/Desktop/Heal Star/frontend/json-c-build/CMakeFiles/CMakeTmp/CheckIncludeFile.c"
Linking C executable cmTC_a55fa
/usr/bin/cmake -E cmake_link_script CMakeFiles/cmTC_a55fa.dir/link.txt --verbose=1
/usr/bin/cc      CMakeFiles/cmTC_a55fa.dir/CheckIncludeFile.c.o  -o cmTC_a55fa  -lm 
make[1]: Leaving directory '/home/omadbek/Desktop/Heal Star/frontend/json-c-build/CMakeFiles/CMakeTmp'



Determining if the include file dlfcn.h exists passed with the following output:
Change Dir: /home/omadbek/Desktop/Heal Star/frontend/json-c-build/CMakeFiles/CMakeTmp

Run Build Command(s):/usr/bin/make cmTC_ddfda/fast && /usr/bin/make -f CMakeFiles/cmTC_ddfda.dir/build.make CMakeFiles/cmTC_ddfda.dir/build
make[1]: Entering directory '/home/omadbek/Desktop/Heal Star/frontend/json-c-build/CMakeFiles/CMakeTmp'
Building C object CMakeFiles/cmTC_ddfda.dir/CheckIncludeFile.c.o
/usr/bin/cc -D_GNU_SOURCE  -fPIE   -o CMakeFiles/cmTC_ddfda.dir/CheckIncludeFile.c.o   -c "/home/omadbek/Desktop/Heal Star/frontend/json-c-build/CMakeFiles/CMakeTmp/CheckIncludeFile.c"
Linking C executable cmTC_ddfda
/usr/bin/cmake -E cmake_link_script CMakeFiles/cmTC_ddfda.dir/link.txt --verbose=1
/usr/bin/cc      CMakeFiles/cmTC_ddfda.dir/CheckIncludeFile.c.o  -o cmTC_ddfda  -lm 
make[1]: Leaving directory '/home/omadbek/Desktop/Heal Star/frontend/json-c-build/CMakeFiles/CMakeTmp'



Determining if the include file endian.h exists passed with the following output:
Change Dir: /home/omadbek/Desktop/Heal Star/frontend/json-c-build/CMakeFiles/CMakeTmp

Run Build Command(s):/usr/bin/make cmTC_dafd1/fast && /usr/bin/make -f CMakeFiles/cmTC_dafd1.dir/build.make CMakeFiles/cmTC_dafd1.dir/build
make[1]: Entering directory '/home/omadbek/Desktop/Heal Star/frontend/json-c-build/CMakeFiles/CMakeTmp'
Building C object CMakeFiles/cmTC_dafd1.dir/CheckIncludeFile.c.o
/usr/bin/cc -D_GNU_SOURCE  -fPIE   -o CMakeFiles/cmTC_dafd1.dir/CheckIncludeFile.c.o   -c "/home/omadbek/Desktop/Heal Star/frontend/json-c-build/CMakeFiles/CMakeTmp/CheckIncludeFile.c"
Linking C executable cmTC_dafd1
/usr/bin/cmake -E cmake_link_script CMakeFiles/cmTC_dafd1.dir/link.txt --verbose=1
/usr/bin/cc      CMakeFiles/cmTC_dafd1.dir/CheckIncludeFile.c.o  -o cmTC_dafd1  -lm 
make[1]: Leaving directory '/home/omadbek/Desktop/Heal Star/frontend/json-c-build/CMakeFiles/CMakeTmp'



Determining if the include file limits.h exists passed with the following output:
Change Dir: /home/omadbek/Desktop/Heal Star/frontend/json-c-build/CMakeFiles/CMakeTmp

Run Build Command(s):/usr/bin/make cmTC_4e8d9/fast && /usr/bin/make -f CMakeFiles/cmTC_4e8d9.dir/build.make CMakeFiles/cmTC_4e8d9.dir/build
make[1]: Entering directory '/home/omadbek/Desktop/Heal Star/frontend/json-c-build/CMakeFiles/CMakeTmp'
Building C object CMakeFiles/cmTC_4e8d9.dir/CheckIncludeFile.c.o
/usr/bin/cc -D_GNU_SOURCE  -fPIE   -o CMakeFiles/cmTC_4e8d9.dir/CheckIncludeFile.c.o   -c "/home/omadbek/Desktop/Heal Star/frontend/json-c-build/CMakeFiles/CMakeTmp/CheckIncludeFile.c"
Linking C executable cmTC_4e8d9
/usr/bin/cmake -E cmake_link_script CMakeFiles/cmTC_4e8d9.dir/link.txt --verbose=1
/usr/bin/cc      CMakeFiles/cmTC_4e8d9.dir/CheckIncludeFile.c.o  -o cmTC_4e8d9  -lm 
make[1]: Leaving directory '/home/omadbek/Desktop/Heal Star/frontend/json-c-build/CMakeFiles/CMakeTmp'



Determining if the include file locale.h exists passed with the following output:
Change Dir: /home/omadbek/Desktop/Heal Star/frontend/json-c-build/CMakeFiles/CMakeTmp

Run Build Command(s):/usr/bin/make cmTC_f189d/fast && /usr/bin/make -f CMakeFiles/cmTC_f189d.dir/build.make CMakeFiles/cmTC_f189d.dir/build
make[1]: Entering directory '/home/omadbek/Desktop/Heal Star/frontend/json-c-build/CMakeFiles/CMakeTmp'
Building C object CMakeFiles/cmTC_f189d.dir/CheckIncludeFile.c.o
/usr/bin/cc -D_GNU_SOURCE  -fPIE   -o CMakeFiles/cmTC_f189d.dir/CheckIncludeFile.c.o   -c "/home/omadbek/Desktop/Heal Star/frontend/json-c-build/CMakeFiles/CMakeTmp/CheckIncludeFile.c"
Linking C executable cmTC_f189d
/usr/bin/cmake -E cmake_link_script CMakeFiles/cmTC_f189d.dir/link.txt --verbose=1
/usr/bin/cc      CMakeFiles/cmTC_f189d.dir/CheckIncludeFile.c.o  -o cmTC_f189d  -lm 
make[1]: Leaving directory '/home/omadbek/Desktop/Heal Star/frontend/json-c-build/CMakeFiles/CMakeTmp'



Determining if the include file memory.h exists passed with the following output:
Change Dir: /home/omadbek/Desktop/Heal Star/frontend/json-c-build/CMakeFiles/CMakeTmp

Run Build Command(s):/usr/bin/make cmTC_749f0/fast && /usr/bin/make -f CMakeFiles/cmTC_749f0.dir/build.make CMakeFiles/cmTC_749f0.dir/build
make[1]: Entering directory '/home/omadbek/Desktop/Heal Star/frontend/json-c-build/CMakeFiles/CMakeTmp'
Building C object CMakeFiles/cmTC_749f0.dir/CheckIncludeFile.c.o
/usr/bin/cc -D_GNU_SOURCE  -fPIE   -o CMakeFiles/cmTC_749f0.dir/CheckIncludeFile.c.o   -c "/home/omadbek/Desktop/Heal Star/frontend/json-c-build/CMakeFiles/CMakeTmp/CheckIncludeFile.c"
Linking C executable cmTC_749f0
/usr/bin/cmake -E cmake_link_script CMakeFiles/cmTC_749f0.dir/link.txt --verbose=1
/usr/bin/cc      CMakeFiles/cmTC_749f0.dir/CheckIncludeFile.c.o  -o cmTC_749f0  -lm 
make[1]: Leaving directory '/home/omadbek/Desktop/Heal Star/frontend/json-c-build/CMakeFiles/CMakeTmp'



Determining if the include file stdint.h exists passed with the following output:
Change Dir: /home/omadbek/Desktop/Heal Star/frontend/json-c-build/CMakeFiles/CMakeTmp

Run Build Command(s):/usr/bin/make cmTC_faf06/fast && /usr/bin/make -f CMakeFiles/cmTC_faf06.dir/build.make CMakeFiles/cmTC_faf06.dir/build
make[1]: Entering directory '/home/omadbek/Desktop/Heal Star/frontend/json-c-build/CMakeFiles/CMakeTmp'
Building C object CMakeFiles/cmTC_faf06.dir/CheckIncludeFile.c.o
/usr/bin/cc -D_GNU_SOURCE  -fPIE   -o CMakeFiles/cmTC_faf06.dir/CheckIncludeFile.c.o   -c "/home/omadbek/Desktop/Heal Star/frontend/json-c-build/CMakeFiles/CMakeTmp/CheckIncludeFile.c"
Linking C executable cmTC_faf06
/usr/bin/cmake -E cmake_link_script CMakeFiles/cmTC_faf06.dir/link.txt --verbose=1
/usr/bin/cc      CMakeFiles/cmTC_faf06.dir/CheckIncludeFile.c.o  -o cmTC_faf06  -lm 
make[1]: Leaving directory '/home/omadbek/Desktop/Heal Star/frontend/json-c-build/CMakeFiles/CMakeTmp'



Determining if the include file stdlib.h exists passed with the following output:
Change Dir: /home/omadbek/Desktop/Heal Star/frontend/json-c-build/CMakeFiles/CMakeTmp

Run Build Command(s):/usr/bin/make cmTC_3dcb1/fast && /usr/bin/make -f CMakeFiles/cmTC_3dcb1.dir/build.make CMakeFiles/cmTC_3dcb1.dir/build
make[1]: Entering directory '/home/omadbek/Desktop/Heal Star/frontend/json-c-build/CMakeFiles/CMakeTmp'
Building C object CMakeFiles/cmTC_3dcb1.dir/CheckIncludeFile.c.o
/usr/bin/cc -D_GNU_SOURCE  -fPIE   -o CMakeFiles/cmTC_3dcb1.dir/CheckIncludeFile.c.o   -c "/home/omadbek/Desktop/Heal Star/frontend/json-c-build/CMakeFiles/CMakeTmp/CheckIncludeFile.c"
Linking C executable cmTC_3dcb1
/usr/bin/cmake -E cmake_link_script CMakeFiles/cmTC_3dcb1.dir/link.txt --verbose=1
/usr/bin/cc      CMakeFiles/cmTC_3dcb1.dir/CheckIncludeFile.c.o  -o cmTC_3dcb1  -lm 
make[1]: Leaving directory '/home/omadbek/Desktop/Heal Star/frontend/json-c-build/CMakeFiles/CMakeTmp'



Determining if the include file sys/cdefs.h exists passed with the following output:
Change Dir: /home/omadbek/Desktop/Heal Star/frontend/json-c-build/CMakeFiles/CMakeTmp

Run Build Command(s):/usr/bin/make cmTC_f2490/fast && /usr/bin/make -f CMakeFiles/cmTC_f2490.dir/build.make CMakeFiles/cmTC_f2490.dir/build
make[1]: Entering directory '/home/omadbek/Desktop/Heal Star/frontend/json-c-build/CMakeFiles/CMakeTmp'
Building C object CMakeFiles/cmTC_f2490.dir/CheckIncludeFile.c.o
/usr/bin/cc -D_GNU_SOURCE  -fPIE   -o CMakeFiles/cmTC_f2490.dir/CheckIncludeFile.c.o   -c "/home/omadbek/Desktop/Heal Star/frontend/json-c-build/CMakeFiles/CMakeTmp/CheckIncludeFile.c"
Linking C executable cmTC_f2490
/usr/bin/cmake -E cmake_link_script CMakeFiles/cmTC_f2490.dir/link.txt --verbose=1
/usr/bin/cc      CMakeFiles/cmTC_f2490.dir/CheckIncludeFile.c.o  -o cmTC_f2490  -lm 
make[1]: Leaving directory '/home/omadbek/Desktop/Heal Star/frontend/json-c-build/CMakeFiles/CMakeTmp'



Determining if the include file sys/param.h exists passed with the following output:
Change Dir: /home/omadbek/Desktop/Heal Star/frontend/json-c-build/CMakeFiles/CMakeTmp

Run Build Command(s):/usr/bin/make cmTC_f0ce2/fast && /usr/bin/make -f CMakeFiles/cmTC_f0ce2.dir/build.make CMakeFiles/cmTC_f0ce2.dir/build
make[1]: Entering directory '/home/omadbek/Desktop/Heal Star/frontend/json-c-build/CMakeFiles/CMakeTmp'
Building C object CMakeFiles/cmTC_f0ce2.dir/CheckIncludeFile.c.o
/usr/bin/cc -D_GNU_SOURCE  -fPIE   -o CMakeFiles/cmTC_f0ce2.dir/CheckIncludeFile.c.o   -c "/home/omadbek/Desktop/Heal Star/frontend/json-c-build/CMakeFiles/CMakeTmp/CheckIncludeFile.c"
Linking C executable cmTC_f0ce2
/usr/bin/cmake -E cmake_link_script CMakeFiles/cmTC_f0ce2.dir/link.txt --verbose=1
/usr/bin/cc      CMakeFiles/cmTC_f0ce2.dir/CheckIncludeFile.c.o  -o cmTC_f0ce2  -lm 
make[1]: Leaving directory '/home/omadbek/Desktop/Heal Star/frontend/json-c-build/CMakeFiles/CMakeTmp'



Determining if the include file sys/random.h exists passed with the following output:
Change Dir: /home/omadbek/Desktop/Heal Star/frontend/json-c-build/CMakeFiles/CMakeTmp

Run Build Command(s):/usr/bin/make cmTC_d509d/fast && /usr/bin/make -f CMakeFiles/cmTC_d509d.dir/build.make CMakeFiles/cmTC_d509d.dir/build
make[1]: Entering directory '/home/omadbek/Desktop/Heal Star/frontend/json-c-build/CMakeFiles/CMakeTmp'
Building C object CMakeFiles/cmTC_d509d.dir/CheckIncludeFile.c.o
/usr/bin/cc -D_GNU_SOURCE  -fPIE   -o CMakeFiles/cmTC_d509d.dir/CheckIncludeFile.c.o   -c "/home/omadbek/Desktop/Heal Star/frontend/json-c-build/CMakeFiles/CMakeTmp/CheckIncludeFile.c"
Linking C executable cmTC_d509d
/usr/bin/cmake -E cmake_link_script CMakeFiles/cmTC_d509d.dir/link.txt --verbose=1
/usr/bin/cc      CMakeFiles/cmTC_d509d.dir/CheckIncludeFile.c.o  -o cmTC_d509d  -lm 
make[1]: Leaving directory '/home/omadbek/Desktop/Heal Star/frontend/json-c-build/CMakeFiles/CMakeTmp'



Determining if the include file sys/stat.h exists passed with the following output:
Change Dir: /home/omadbek/Desktop/Heal Star/frontend/json-c-build/CMakeFiles/CMakeTmp

Run Build Command(s):/usr/bin/make cmTC_9941c/fast && /usr/bin/make -f CMakeFiles/cmTC_9941c.dir/build.make CMakeFiles/cmTC_9941c.dir/build
make[1]: Entering directory '/home/omadbek/Desktop/Heal Star/frontend/json-c-build/CMakeFiles/CMakeTmp'
Building C object CMakeFiles/cmTC_9941c.dir/CheckIncludeFile.c.o
/usr/bin/cc -D_GNU_SOURCE  -fPIE   -o CMakeFiles/cmTC_9941c.dir/CheckIncludeFile.c.o   -c "/home/omadbek/Desktop/Heal Star/frontend/json-c-build/CMakeFiles/CMakeTmp/CheckIncludeFile.c"
Linking C executable cmTC_9941c
/usr/bin/cmake -E cmake_link_script CMakeFiles/cmTC_9941c.dir/link.txt --verbose=1
/usr/bin/cc      CMakeFiles/cmTC_9941c.dir/CheckIncludeFile.c.o  -o cmTC_9941c  -lm 
make[1]: Leaving directory '/home/omadbek/Desktop/Heal Star/frontend/json-c-build/CMakeFiles/CMakeTmp'



Determining if the INFINITY exist passed with the following output:
Change Dir: /home/omadbek/Desktop/Heal Star/frontend/json-c-build/CMakeFiles/CMakeTmp

Run Build Command(s):/usr/bin/make cmTC_637df/fast && /usr/bin/make -f CMakeFiles/cmTC_637df.dir/build.make CMakeFiles/cmTC_637df.dir/build
make[1]: Entering directory '/home/omadbek/Desktop/Heal Star/frontend/json-c-build/CMakeFiles/CMakeTmp'
Building C object CMakeFiles/cmTC_637df.dir/CheckSymbolExists.c.o
/usr/bin/cc -D_GNU_SOURCE  -fPIE   -o CMakeFiles/cmTC_637df.dir/CheckSymbolExists.c.o   -c "/home/omadbek/Desktop/Heal Star/frontend/json-c-build/CMakeFiles/CMakeTmp/CheckSymbolExists.c"
Linking C executable cmTC_637df
/usr/bin/cmake -E cmake_link_script CMakeFiles/cmTC_637df.dir/link.txt --verbose=1
/usr/bin/cc      CMakeFiles/cmTC_637df.dir/CheckSymbolExists.c.o  -o cmTC_637df  -lm 
make[1]: Leaving directory '/home/omadbek/Desktop/Heal Star/frontend/json-c-build/CMakeFiles/CMakeTmp'


File /home/omadbek/Desktop/Heal Star/frontend/json-c-build/CMakeFiles/CMakeTmp/CheckSymbolExists.c:
/* */
#include <math.h>

int main(int argc, char** argv)
{
  (void)argv;
#ifndef INFINITY
  return ((int*)(&INFINITY))[argc];
#else
  (void)argc;
  return 0;
#endif
}
Determining if the isinf exist passed with the following output:
Change Dir: /home/omadbek/Desktop/Heal Star/frontend/json-c-build/CMakeFiles/CMakeTmp

Run Build Command(s):/usr/bin/make cmTC_2e0fe/fast && /usr/bin/make -f CMakeFiles/cmTC_2e0fe.dir/build.make CMakeFiles/cmTC_2e0fe.dir/build
make[1]: Entering directory '/home/omadbek/Desktop/Heal Star/frontend/json-c-build/CMakeFiles/CMakeTmp'
Building C object CMakeFiles/cmTC_2e0fe.dir/CheckSymbolExists.c.o
/usr/bin/cc -D_GNU_SOURCE  -fPIE   -o CMakeFiles/cmTC_2e0fe.dir/CheckSymbolExists.c.o   -c "/home/omadbek/Desktop/Heal Star/frontend/json-c-build/CMakeFiles/CMakeTmp/CheckSymbolExists.c"
Linking C executable cmTC_2e0fe
/usr/bin/cmake -E cmake_link_script CMakeFiles/cmTC_2e0fe.dir/link.txt --verbose=1
/usr/bin/cc      CMakeFiles/cmTC_2e0fe.dir/CheckSymbolExists.c.o  -o cmTC_2e0fe  -lm 
make[1]: Leaving directory '/home/omadbek/Desktop/Heal Star/frontend/json-c-build/CMakeFiles/CMakeTmp'


File /home/omadbek/Desktop/Heal Star/frontend/json-c-build/CMakeFiles/CMakeTmp/CheckSymbolExists.c:
/* */
#include <math.h>

int main(int argc, char** argv)
{
  (void)argv;
#ifndef isinf
  return ((int*)(&isinf))[argc];
#else
  (void)argc;
  return 0;
#endif
}
Determining if the isnan exist passed with the following output:
Change Dir: /home/omadbek/Desktop/Heal Star/frontend/json-c-build/CMakeFiles/CMakeTmp

Run Build Command(s):/usr/bin/make cmTC_8b438/fast && /usr/bin/make -f CMakeFiles/cmTC_8b438.dir/build.make CMakeFiles/cmTC_8b438.dir/build
make[1]: Entering directory '/home/omadbek/Desktop/Heal Star/frontend/json-c-build/CMakeFiles/CMakeTmp'
Building C object CMakeFiles/cmTC_8b438.dir/CheckSymbolExists.c.o
/usr/bin/cc -D_GNU_SOURCE  -fPIE   -o CMakeFiles/cmTC_8b438.dir/CheckSymbolExists.c.o   -c "/home/omadbek/Desktop/Heal Star/frontend/json-c-build/CMakeFiles/CMakeTmp/CheckSymbolExists.c"
Linking C executable cmTC_8b438
/usr/bin/cmake -E cmake_link_script CMakeFiles/cmTC_8b438.dir/link.txt --verbose=1
/usr/bin/cc      CMakeFiles/cmTC_8b438.dir/CheckSymbolExists.c.o  -o cmTC_8b438  -lm 
make[1]: Leaving directory '/home/omadbek/Desktop/Heal Star/frontend/json-c-build/CMakeFiles/CMakeTmp'


File /home/omadbek/Desktop/Heal Star/frontend/json-c-build/CMakeFiles/CMakeTmp/CheckSymbolExists.c:
/* */
#include <math.h>

int main(int argc, char** argv)
{
  (void)argv;
#ifndef isnan
  return ((int*)(&isnan))[argc];
#else
  (void)argc;
  return 0;
#endif
}
Determining if the nan exist passed with the following output:
Change Dir: /home/omadbek/Desktop/Heal Star/frontend/json-c-build/CMakeFiles/CMakeTmp

Run Build Command(s):/usr/bin/make cmTC_c96a1/fast && /usr/bin/make -f CMakeFiles/cmTC_c96a1.dir/build.make CMakeFiles/cmTC_c96a1.dir/build
make[1]: Entering directory '/home/omadbek/Desktop/Heal Star/frontend/json-c-build/CMakeFiles/CMakeTmp'
Building C object CMakeFiles/cmTC_c96a1.dir/CheckSymbolExists.c.o
/usr/bin/cc -D_GNU_SOURCE  -fPIE   -o CMakeFiles/cmTC_c96a1.dir/CheckSymbolExists.c.o   -c "/home/omadbek/Desktop/Heal Star/frontend/json-c-build/CMakeFiles/CMakeTmp/CheckSymbolExists.c"
Linking C executable cmTC_c96a1
/usr/bin/cmake -E cmake_link_script CMakeFiles/cmTC_c96a1.dir/link.txt --verbose=1
/usr/bin/cc      CMakeFiles/cmTC_c96a1.dir/CheckSymbolExists.c.o  -o cmTC_c96a1  -lm 
make[1]: Leaving directory '/home/omadbek/Desktop/Heal Star/frontend/json-c-build/CMakeFiles/CMakeTmp'


File /home/omadbek/Desktop/Heal Star/frontend/json-c-build/CMakeFiles/CMakeTmp/CheckSymbolExists.c:
/* */
#include <math.h>

int main(int argc, char** argv)
{
  (void)argv;
#ifndef nan
  return ((int*)(&nan))[argc];
#else
  (void)argc;
  return 0;
#endif
}
Determining if the snprintf exist passed with the following output:
Change Dir: /home/omadbek/Desktop/Heal Star/frontend/json-c-build/CMakeFiles/CMakeTmp

Run Build Command(s):/usr/bin/make cmTC_68f2e/fast && /usr/bin/make -f CMakeFiles/cmTC_68f2e.dir/build.make CMakeFiles/cmTC_68f2e.dir/build
make[1]: Entering directory '/home/omadbek/Desktop/Heal Star/frontend/json-c-build/CMakeFiles/CMakeTmp'
Building C object CMakeFiles/cmTC_68f2e.dir/CheckSymbolExists.c.o
/usr/bin/cc -D_GNU_SOURCE  -fPIE   -o CMakeFiles/cmTC_68f2e.dir/CheckSymbolExists.c.o   -c "/home/omadbek/Desktop/Heal Star/frontend/json-c-build/CMakeFiles/CMakeTmp/CheckSymbolExists.c"
Linking C executable cmTC_68f2e
/usr/bin/cmake -E cmake_link_script CMakeFiles/cmTC_68f2e.dir/link.txt --verbose=1
/usr/bin/cc      CMakeFiles/cmTC_68f2e.dir/CheckSymbolExists.c.o  -o cmTC_68f2e  -lm 
make[1]: Leaving directory '/home/omadbek/Desktop/Heal Star/frontend/json-c-build/CMakeFiles/CMakeTmp'


File /home/omadbek/Desktop/Heal Star/frontend/json-c-build/CMakeFiles/CMakeTmp/CheckSymbolExists.c:
/* */
#include <stdio.h>

int main(int argc, char** argv)
{
  (void)argv;
#ifndef snprintf
  return ((int*)(&snprintf))[argc];
#else
  (void)argc;
  return 0;
#endif
}
Determining if the vasprintf exist passed with the following output:
Change Dir: /home/omadbek/Desktop/Heal Star/frontend/json-c-build/CMakeFiles/CMakeTmp

Run Build Command(s):/usr/bin/make cmTC_13f81/fast && /usr/bin/make -f CMakeFiles/cmTC_13f81.dir/build.make CMakeFiles/cmTC_13f81.dir/build
make[1]: Entering directory '/home/omadbek/Desktop/Heal Star/frontend/json-c-build/CMakeFiles/CMakeTmp'
Building C object CMakeFiles/cmTC_13f81.dir/CheckSymbolExists.c.o
/usr/bin/cc -D_GNU_SOURCE  -fPIE   -o CMakeFiles/cmTC_13f81.dir/CheckSymbolExists.c.o   -c "/home/omadbek/Desktop/Heal Star/frontend/json-c-build/CMakeFiles/CMakeTmp/CheckSymbolExists.c"
Linking C executable cmTC_13f81
/usr/bin/cmake -E cmake_link_script CMakeFiles/cmTC_13f81.dir/link.txt --verbose=1
/usr/bin/cc      CMakeFiles/cmTC_13f81.dir/CheckSymbolExists.c.o  -o cmTC_13f81  -lm 
make[1]: Leaving directory '/home/omadbek/Desktop/Heal Star/frontend/json-c-build/CMakeFiles/CMakeTmp'


File /home/omadbek/Desktop/Heal Star/frontend/json-c-build/CMakeFiles/CMakeTmp/CheckSymbolExists.c:
/* */
#include <stdio.h>

int main(int argc, char** argv)
{
  (void)argv;
#ifndef vasprintf
  return ((int*)(&vasprintf))[argc];
#else
  (void)argc;
  return 0;
#endif
}
Determining if the vsnprintf exist passed with the following output:
Change Dir: /home/omadbek/Desktop/Heal Star/frontend/json-c-build/CMakeFiles/CMakeTmp

Run Build Command(s):/usr/bin/make cmTC_00807/fast && /usr/bin/make -f CMakeFiles/cmTC_00807.dir/build.make CMakeFiles/cmTC_00807.dir/build
make[1]: Entering directory '/home/omadbek/Desktop/Heal Star/frontend/json-c-build/CMakeFiles/CMakeTmp'
Building C object CMakeFiles/cmTC_00807.dir/CheckSymbolExists.c.o
/usr/bin/cc -D_GNU_SOURCE  -fPIE   -o CMakeFiles/cmTC_00807.dir/CheckSymbolExists.c.o   -c "/home/omadbek/Desktop/Heal Star/frontend/json-c-build/CMakeFiles/CMakeTmp/CheckSymbolExists.c"
Linking C executable cmTC_00807
/usr/bin/cmake -E cmake_link_script CMakeFiles/cmTC_00807.dir/link.txt --verbose=1
/usr/bin/cc      CMakeFiles/cmTC_00807.dir/CheckSymbolExists.c.o  -o cmTC_00807  -lm 
make[1]: Leaving directory '/home/omadbek/Desktop/Heal Star/frontend/json-c-build/CMakeFiles/CMakeTmp'


File /home/omadbek/Desktop/Heal Star/frontend/json-c-build/CMakeFiles/CMakeTmp/CheckSymbolExists.c:
/* */
#include <stdio.h>

int main(int argc, char** argv)
{
  (void)argv;
#ifndef vsnprintf
  return ((int*)(&vsnprintf))[argc];
#else
  (void)argc;
  return 0;
#endif
}
Determining if the vprintf exist passed with the following output:
Change Dir: /home/omadbek/Desktop/Heal Star/frontend/json-c-build/CMakeFiles/CMakeTmp

Run Build Command(s):/usr/bin/make cmTC_d2e89/fast && /usr/bin/make -f CMakeFiles/cmTC_d2e89.dir/build.make CMakeFiles/cmTC_d2e89.dir/build
make[1]: Entering directory '/home/omadbek/Desktop/Heal Star/frontend/json-c-build/CMakeFiles/CMakeTmp'
Building C object CMakeFiles/cmTC_d2e89.dir/CheckSymbolExists.c.o
/usr/bin/cc -D_GNU_SOURCE  -fPIE   -o CMakeFiles/cmTC_d2e89.dir/CheckSymbolExists.c.o   -c "/home/omadbek/Desktop/Heal Star/frontend/json-c-build/CMakeFiles/CMakeTmp/CheckSymbolExists.c"
Linking C executable cmTC_d2e89
/usr/bin/cmake -E cmake_link_script CMakeFiles/cmTC_d2e89.dir/link.txt --verbose=1
/usr/bin/cc      CMakeFiles/cmTC_d2e89.dir/CheckSymbolExists.c.o  -o cmTC_d2e89  -lm 
make[1]: Leaving directory '/home/omadbek/Desktop/Heal Star/frontend/json-c-build/CMakeFiles/CMakeTmp'


File /home/omadbek/Desktop/Heal Star/frontend/json-c-build/CMakeFiles/CMakeTmp/CheckSymbolExists.c:
/* */
#include <stdio.h>

int main(int argc, char** argv)
{
  (void)argv;
#ifndef vprintf
  return ((int*)(&vprintf))[argc];
#else
  (void)argc;
  return 0;
#endif
}
Determining if the open exist passed with the following output:
Change Dir: /home/omadbek/Desktop/Heal Star/frontend/json-c-build/CMakeFiles/CMakeTmp

Run Build Command(s):/usr/bin/make cmTC_b30f8/fast && /usr/bin/make -f CMakeFiles/cmTC_b30f8.dir/build.make CMakeFiles/cmTC_b30f8.dir/build
make[1]: Entering directory '/home/omadbek/Desktop/Heal Star/frontend/json-c-build/CMakeFiles/CMakeTmp'
Building C object CMakeFiles/cmTC_b30f8.dir/CheckSymbolExists.c.o
/usr/bin/cc -D_GNU_SOURCE  -fPIE   -o CMakeFiles/cmTC_b30f8.dir/CheckSymbolExists.c.o   -c "/home/omadbek/Desktop/Heal Star/frontend/json-c-build/CMakeFiles/CMakeTmp/CheckSymbolExists.c"
Linking C executable cmTC_b30f8
/usr/bin/cmake -E cmake_link_script CMakeFiles/cmTC_b30f8.dir/link.txt --verbose=1
/usr/bin/cc      CMakeFiles/cmTC_b30f8.dir/CheckSymbolExists.c.o  -o cmTC_b30f8  -lm 
make[1]: Leaving directory '/home/omadbek/Desktop/Heal Star/frontend/json-c-build/CMakeFiles/CMakeTmp'


File /home/omadbek/Desktop/Heal Star/frontend/json-c-build/CMakeFiles/CMakeTmp/CheckSymbolExists.c:
/* */
#include <fcntl.h>

int main(int argc, char** argv)
{
  (void)argv;
#ifndef open
  return ((int*)(&open))[argc];
#else
  (void)argc;
  return 0;
#endif
}
Determining if the realloc exist passed with the following output:
Change Dir: /home/omadbek/Desktop/Heal Star/frontend/json-c-build/CMakeFiles/CMakeTmp

Run Build Command(s):/usr/bin/make cmTC_e16e2/fast && /usr/bin/make -f CMakeFiles/cmTC_e16e2.dir/build.make CMakeFiles/cmTC_e16e2.dir/build
make[1]: Entering directory '/home/omadbek/Desktop/Heal Star/frontend/json-c-build/CMakeFiles/CMakeTmp'
Building C object CMakeFiles/cmTC_e16e2.dir/CheckSymbolExists.c.o
/usr/bin/cc -D_GNU_SOURCE  -fPIE   -o CMakeFiles/cmTC_e16e2.dir/CheckSymbolExists.c.o   -c "/home/omadbek/Desktop/Heal Star/frontend/json-c-build/CMakeFiles/CMakeTmp/CheckSymbolExists.c"
Linking C executable cmTC_e16e2
/usr/bin/cmake -E cmake_link_script CMakeFiles/cmTC_e16e2.dir/link.txt --verbose=1
/usr/bin/cc      CMakeFiles/cmTC_e16e2.dir/CheckSymbolExists.c.o  -o cmTC_e16e2  -lm 
make[1]: Leaving directory '/home/omadbek/Desktop/Heal Star/frontend/json-c-build/CMakeFiles/CMakeTmp'


File /home/omadbek/Desktop/Heal Star/frontend/json-c-build/CMakeFiles/CMakeTmp/CheckSymbolExists.c:
/* */
#include <stdlib.h>

int main(int argc, char** argv)
{
  (void)argv;
#ifndef realloc
  return ((int*)(&realloc))[argc];
#else
  (void)argc;
  return 0;
#endif
}
Determining if the setlocale exist passed with the following output:
Change Dir: /home/omadbek/Desktop/Heal Star/frontend/json-c-build/CMakeFiles/CMakeTmp

Run Build Command(s):/usr/bin/make cmTC_dc1e1/fast && /usr/bin/make -f CMakeFiles/cmTC_dc1e1.dir/build.make CMakeFiles/cmTC_dc1e1.dir/build
make[1]: Entering directory '/home/omadbek/Desktop/Heal Star/frontend/json-c-build/CMakeFiles/CMakeTmp'
Building C object CMakeFiles/cmTC_dc1e1.dir/CheckSymbolExists.c.o
/usr/bin/cc -D_GNU_SOURCE  -fPIE   -o CMakeFiles/cmTC_dc1e1.dir/CheckSymbolExists.c.o   -c "/home/omadbek/Desktop/Heal Star/frontend/json-c-build/CMakeFiles/CMakeTmp/CheckSymbolExists.c"
Linking C executable cmTC_dc1e1
/usr/bin/cmake -E cmake_link_script CMakeFiles/cmTC_dc1e1.dir/link.txt --verbose=1
/usr/bin/cc      CMakeFiles/cmTC_dc1e1.dir/CheckSymbolExists.c.o  -o cmTC_dc1e1  -lm 
make[1]: Leaving directory '/home/omadbek/Desktop/Heal Star/frontend/json-c-build/CMakeFiles/CMakeTmp'


File /home/omadbek/Desktop/Heal Star/frontend/json-c-build/CMakeFiles/CMakeTmp/CheckSymbolExists.c:
/* */
#include <locale.h>

int main(int argc, char** argv)
{
  (void)argv;
#ifndef setlocale
  return ((int*)(&setlocale))[argc];
#else
  (void)argc;
  return 0;
#endif
}
Determining if the uselocale exist passed with the following output:
Change Dir: /home/omadbek/Desktop/Heal Star/frontend/json-c-build/CMakeFiles/CMakeTmp

Run Build Command(s):/usr/bin/make cmTC_24da6/fast && /usr/bin/make -f CMakeFiles/cmTC_24da6.dir/build.make CMakeFiles/cmTC_24da6.dir/build
make[1]: Entering directory '/home/omadbek/Desktop/Heal Star/frontend/json-c-build/CMakeFiles/CMakeTmp'
Building C object CMakeFiles/cmTC_24da6.dir/CheckSymbolExists.c.o
/usr/bin/cc -D_GNU_SOURCE  -fPIE   -o CMakeFiles/cmTC_24da6.dir/CheckSymbolExists.c.o   -c "/home/omadbek/Desktop/Heal Star/frontend/json-c-build/CMakeFiles/CMakeTmp/CheckSymbolExists.c"
Linking C executable cmTC_24da6
/usr/bin/cmake -E cmake_link_script CMakeFiles/cmTC_24da6.dir/link.txt --verbose=1
/usr/bin/cc      CMakeFiles/cmTC_24da6.dir/CheckSymbolExists.c.o  -o cmTC_24da6  -lm 
make[1]: Leaving directory '/home/omadbek/Desktop/Heal Star/frontend/json-c-build/CMakeFiles/CMakeTmp'


File /home/omadbek/Desktop/Heal Star/frontend/json-c-build/CMakeFiles/CMakeTmp/CheckSymbolExists.c:
/* */
#include <locale.h>

int main(int argc, char** argv)
{
  (void)argv;
#ifndef uselocale
  return ((int*)(&uselocale))[argc];
#else
  (void)argc;
  return 0;
#endif
}
Determining if the strcasecmp exist passed with the following output:
Change Dir: /home/omadbek/Desktop/Heal Star/frontend/json-c-build/CMakeFiles/CMakeTmp

Run Build Command(s):/usr/bin/make cmTC_ac1d1/fast && /usr/bin/make -f CMakeFiles/cmTC_ac1d1.dir/build.make CMakeFiles/cmTC_ac1d1.dir/build
make[1]: Entering directory '/home/omadbek/Desktop/Heal Star/frontend/json-c-build/CMakeFiles/CMakeTmp'
Building C object CMakeFiles/cmTC_ac1d1.dir/CheckSymbolExists.c.o
/usr/bin/cc -D_GNU_SOURCE  -fPIE   -o CMakeFiles/cmTC_ac1d1.dir/CheckSymbolExists.c.o   -c "/home/omadbek/Desktop/Heal Star/frontend/json-c-build/CMakeFiles/CMakeTmp/CheckSymbolExists.c"
Linking C executable cmTC_ac1d1
/usr/bin/cmake -E cmake_link_script CMakeFiles/cmTC_ac1d1.dir/link.txt --verbose=1
/usr/bin/cc      CMakeFiles/cmTC_ac1d1.dir/CheckSymbolExists.c.o  -o cmTC_ac1d1  -lm 
make[1]: Leaving directory '/home/omadbek/Desktop/Heal Star/frontend/json-c-build/CMakeFiles/CMakeTmp'


File /home/omadbek/Desktop/Heal Star/frontend/json-c-build/CMakeFiles/CMakeTmp/CheckSymbolExists.c:
/* */
#include <strings.h>

int main(int argc, char** argv)
{
  (void)argv;
#ifndef strcasecmp
  return ((int*)(&strcasecmp))[argc];
#else
  (void)argc;
  return 0;
#endif
}
Determining if the strncasecmp exist passed with the following output:
Change Dir: /home/omadbek/Desktop/Heal Star/frontend/json-c-build/CMakeFiles/CMakeTmp

Run Build Command(s):/usr/bin/make cmTC_f4d92/fast && /usr/bin/make -f CMakeFiles/cmTC_f4d92.dir/build.make CMakeFiles/cmTC_f4d92.dir/build
make[1]: Entering directory '/home/omadbek/Desktop/Heal Star/frontend/json-c-build/CMakeFiles/CMakeTmp'
Building C object CMakeFiles/cmTC_f4d92.dir/CheckSymbolExists.c.o
/usr/bin/cc -D_GNU_SOURCE  -fPIE   -o CMakeFiles/cmTC_f4d92.dir/CheckSymbolExists.c.o   -c "/home/omadbek/Desktop/Heal Star/frontend/json-c-build/CMakeFiles/CMakeTmp/CheckSymbolExists.c"
Linking C executable cmTC_f4d92
/usr/bin/cmake -E cmake_link_script CMakeFiles/cmTC_f4d92.dir/link.txt --verbose=1
/usr/bin/cc      CMakeFiles/cmTC_f4d92.dir/CheckSymbolExists.c.o  -o cmTC_f4d92  -lm 
make[1]: Leaving directory '/home/omadbek/Desktop/Heal Star/frontend/json-c-build/CMakeFiles/CMakeTmp'


File /home/omadbek/Desktop/Heal Star/frontend/json-c-build/CMakeFiles/CMakeTmp/CheckSymbolExists.c:
/* */
#include <strings.h>

int main(int argc, char** argv)
{
  (void)argv;
#ifndef strncasecmp
  return ((int*)(&strncasecmp))[argc];
#else
  (void)argc;
  return 0;
#endif
}
Determining if the strdup exist passed with the following output:
Change Dir: /home/omadbek/Desktop/Heal Star/frontend/json-c-build/CMakeFiles/CMakeTmp

Run Build Command(s):/usr/bin/make cmTC_d869e/fast && /usr/bin/make -f CMakeFiles/cmTC_d869e.dir/build.make CMakeFiles/cmTC_d869e.dir/build
make[1]: Entering directory '/home/omadbek/Desktop/Heal Star/frontend/json-c-build/CMakeFiles/CMakeTmp'
Building C object CMakeFiles/cmTC_d869e.dir/CheckSymbolExists.c.o
/usr/bin/cc -D_GNU_SOURCE  -fPIE   -o CMakeFiles/cmTC_d869e.dir/CheckSymbolExists.c.o   -c "/home/omadbek/Desktop/Heal Star/frontend/json-c-build/CMakeFiles/CMakeTmp/CheckSymbolExists.c"
Linking C executable cmTC_d869e
/usr/bin/cmake -E cmake_link_script CMakeFiles/cmTC_d869e.dir/link.txt --verbose=1
/usr/bin/cc      CMakeFiles/cmTC_d869e.dir/CheckSymbolExists.c.o  -o cmTC_d869e  -lm 
make[1]: Leaving directory '/home/omadbek/Desktop/Heal Star/frontend/json-c-build/CMakeFiles/CMakeTmp'


File /home/omadbek/Desktop/Heal Star/frontend/json-c-build/CMakeFiles/CMakeTmp/CheckSymbolExists.c:
/* */
#include <string.h>

int main(int argc, char** argv)
{
  (void)argv;
#ifndef strdup
  return ((int*)(&strdup))[argc];
#else
  (void)argc;
  return 0;
#endif
}
Determining if the strerror exist passed with the following output:
Change Dir: /home/omadbek/Desktop/Heal Star/frontend/json-c-build/CMakeFiles/CMakeTmp

Run Build Command(s):/usr/bin/make cmTC_0edc3/fast && /usr/bin/make -f CMakeFiles/cmTC_0edc3.dir/build.make CMakeFiles/cmTC_0edc3.dir/build
make[1]: Entering directory '/home/omadbek/Desktop/Heal Star/frontend/json-c-build/CMakeFiles/CMakeTmp'
Building C object CMakeFiles/cmTC_0edc3.dir/CheckSymbolExists.c.o
/usr/bin/cc -D_GNU_SOURCE  -fPIE   -o CMakeFiles/cmTC_0edc3.dir/CheckSymbolExists.c.o   -c "/home/omadbek/Desktop/Heal Star/frontend/json-c-build/CMakeFiles/CMakeTmp/CheckSymbolExists.c"
Linking C executable cmTC_0edc3
/usr/bin/cmake -E cmake_link_script CMakeFiles/cmTC_0edc3.dir/link.txt --verbose=1
/usr/bin/cc      CMakeFiles/cmTC_0edc3.dir/CheckSymbolExists.c.o  -o cmTC_0edc3  -lm 
make[1]: Leaving directory '/home/omadbek/Desktop/Heal Star/frontend/json-c-build/CMakeFiles/CMakeTmp'


File /home/omadbek/Desktop/Heal Star/frontend/json-c-build/CMakeFiles/CMakeTmp/CheckSymbolExists.c:
/* */
#include <string.h>

int main(int argc, char** argv)
{
  (void)argv;
#ifndef strerror
  return ((int*)(&strerror))[argc];
#else
  (void)argc;
  return 0;
#endif
}
Determining if the vsyslog exist passed with the following output:
Change Dir: /home/omadbek/Desktop/Heal Star/frontend/json-c-build/CMakeFiles/CMakeTmp

Run Build Command(s):/usr/bin/make cmTC_644fb/fast && /usr/bin/make -f CMakeFiles/cmTC_644fb.dir/build.make CMakeFiles/cmTC_644fb.dir/build
make[1]: Entering directory '/home/omadbek/Desktop/Heal Star/frontend/json-c-build/CMakeFiles/CMakeTmp'
Building C object CMakeFiles/cmTC_644fb.dir/CheckSymbolExists.c.o
/usr/bin/cc -D_GNU_SOURCE  -fPIE   -o CMakeFiles/cmTC_644fb.dir/CheckSymbolExists.c.o   -c "/home/omadbek/Desktop/Heal Star/frontend/json-c-build/CMakeFiles/CMakeTmp/CheckSymbolExists.c"
Linking C executable cmTC_644fb
/usr/bin/cmake -E cmake_link_script CMakeFiles/cmTC_644fb.dir/link.txt --verbose=1
/usr/bin/cc      CMakeFiles/cmTC_644fb.dir/CheckSymbolExists.c.o  -o cmTC_644fb  -lm 
make[1]: Leaving directory '/home/omadbek/Desktop/Heal Star/frontend/json-c-build/CMakeFiles/CMakeTmp'


File /home/omadbek/Desktop/Heal Star/frontend/json-c-build/CMakeFiles/CMakeTmp/CheckSymbolExists.c:
/* */
#include <syslog.h>

int main(int argc, char** argv)
{
  (void)argv;
#ifndef vsyslog
  return ((int*)(&vsyslog))[argc];
#else
  (void)argc;
  return 0;
#endif
}
Determining if the getrandom exist passed with the following output:
Change Dir: /home/omadbek/Desktop/Heal Star/frontend/json-c-build/CMakeFiles/CMakeTmp

Run Build Command(s):/usr/bin/make cmTC_85951/fast && /usr/bin/make -f CMakeFiles/cmTC_85951.dir/build.make CMakeFiles/cmTC_85951.dir/build
make[1]: Entering directory '/home/omadbek/Desktop/Heal Star/frontend/json-c-build/CMakeFiles/CMakeTmp'
Building C object CMakeFiles/cmTC_85951.dir/CheckSymbolExists.c.o
/usr/bin/cc -D_GNU_SOURCE  -fPIE   -o CMakeFiles/cmTC_85951.dir/CheckSymbolExists.c.o   -c "/home/omadbek/Desktop/Heal Star/frontend/json-c-build/CMakeFiles/CMakeTmp/CheckSymbolExists.c"
Linking C executable cmTC_85951
/usr/bin/cmake -E cmake_link_script CMakeFiles/cmTC_85951.dir/link.txt --verbose=1
/usr/bin/cc      CMakeFiles/cmTC_85951.dir/CheckSymbolExists.c.o  -o cmTC_85951  -lm 
make[1]: Leaving directory '/home/omadbek/Desktop/Heal Star/frontend/json-c-build/CMakeFiles/CMakeTmp'


File /home/omadbek/Desktop/Heal Star/frontend/json-c-build/CMakeFiles/CMakeTmp/CheckSymbolExists.c:
/* */
#include <sys/random.h>

int main(int argc, char** argv)
{
  (void)argv;
#ifndef getrandom
  return ((int*)(&getrandom))[argc];
#else
  (void)argc;
  return 0;
#endif
}
Determining if the getrusage exist passed with the following output:
Change Dir: /home/omadbek/Desktop/Heal Star/frontend/json-c-build/CMakeFiles/CMakeTmp

Run Build Command(s):/usr/bin/make cmTC_5c086/fast && /usr/bin/make -f CMakeFiles/cmTC_5c086.dir/build.make CMakeFiles/cmTC_5c086.dir/build
make[1]: Entering directory '/home/omadbek/Desktop/Heal Star/frontend/json-c-build/CMakeFiles/CMakeTmp'
Building C object CMakeFiles/cmTC_5c086.dir/CheckSymbolExists.c.o
/usr/bin/cc -D_GNU_SOURCE  -fPIE   -o CMakeFiles/cmTC_5c086.dir/CheckSymbolExists.c.o   -c "/home/omadbek/Desktop/Heal Star/frontend/json-c-build/CMakeFiles/CMakeTmp/CheckSymbolExists.c"
Linking C executable cmTC_5c086
/usr/bin/cmake -E cmake_link_script CMakeFiles/cmTC_5c086.dir/link.txt --verbose=1
/usr/bin/cc      CMakeFiles/cmTC_5c086.dir/CheckSymbolExists.c.o  -o cmTC_5c086  -lm 
make[1]: Leaving directory '/home/omadbek/Desktop/Heal Star/frontend/json-c-build/CMakeFiles/CMakeTmp'


File /home/omadbek/Desktop/Heal Star/frontend/json-c-build/CMakeFiles/CMakeTmp/CheckSymbolExists.c:
/* */
#include <sys/resource.h>

int main(int argc, char** argv)
{
  (void)argv;
#ifndef getrusage
  return ((int*)(&getrusage))[argc];
#else
  (void)argc;
  return 0;
#endif
}
Determining if the strtoll exist passed with the following output:
Change Dir: /home/omadbek/Desktop/Heal Star/frontend/json-c-build/CMakeFiles/CMakeTmp

Run Build Command(s):/usr/bin/make cmTC_30562/fast && /usr/bin/make -f CMakeFiles/cmTC_30562.dir/build.make CMakeFiles/cmTC_30562.dir/build
make[1]: Entering directory '/home/omadbek/Desktop/Heal Star/frontend/json-c-build/CMakeFiles/CMakeTmp'
Building C object CMakeFiles/cmTC_30562.dir/CheckSymbolExists.c.o
/usr/bin/cc -D_GNU_SOURCE  -fPIE   -o CMakeFiles/cmTC_30562.dir/CheckSymbolExists.c.o   -c "/home/omadbek/Desktop/Heal Star/frontend/json-c-build/CMakeFiles/CMakeTmp/CheckSymbolExists.c"
Linking C executable cmTC_30562
/usr/bin/cmake -E cmake_link_script CMakeFiles/cmTC_30562.dir/link.txt --verbose=1
/usr/bin/cc      CMakeFiles/cmTC_30562.dir/CheckSymbolExists.c.o  -o cmTC_30562  -lm 
make[1]: Leaving directory '/home/omadbek/Desktop/Heal Star/frontend/json-c-build/CMakeFiles/CMakeTmp'


File /home/omadbek/Desktop/Heal Star/frontend/json-c-build/CMakeFiles/CMakeTmp/CheckSymbolExists.c:
/* */
#include <stdlib.h>

int main(int argc, char** argv)
{
  (void)argv;
#ifndef strtoll
  return ((int*)(&strtoll))[argc];
#else
  (void)argc;
  return 0;
#endif
}
Determining if the strtoull exist passed with the following output:
Change Dir: /home/omadbek/Desktop/Heal Star/frontend/json-c-build/CMakeFiles/CMakeTmp

Run Build Command(s):/usr/bin/make cmTC_6ff4e/fast && /usr/bin/make -f CMakeFiles/cmTC_6ff4e.dir/build.make CMakeFiles/cmTC_6ff4e.dir/build
make[1]: Entering directory '/home/omadbek/Desktop/Heal Star/frontend/json-c-build/CMakeFiles/CMakeTmp'
Building C object CMakeFiles/cmTC_6ff4e.dir/CheckSymbolExists.c.o
/usr/bin/cc -D_GNU_SOURCE  -fPIE   -o CMakeFiles/cmTC_6ff4e.dir/CheckSymbolExists.c.o   -c "/home/omadbek/Desktop/Heal Star/frontend/json-c-build/CMakeFiles/CMakeTmp/CheckSymbolExists.c"
Linking C executable cmTC_6ff4e
/usr/bin/cmake -E cmake_link_script CMakeFiles/cmTC_6ff4e.dir/link.txt --verbose=1
/usr/bin/cc      CMakeFiles/cmTC_6ff4e.dir/CheckSymbolExists.c.o  -o cmTC_6ff4e  -lm 
make[1]: Leaving directory '/home/omadbek/Desktop/Heal Star/frontend/json-c-build/CMakeFiles/CMakeTmp'


File /home/omadbek/Desktop/Heal Star/frontend/json-c-build/CMakeFiles/CMakeTmp/CheckSymbolExists.c:
/* */
#include <stdlib.h>

int main(int argc, char** argv)
{
  (void)argv;
#ifndef strtoull
  return ((int*)(&strtoull))[argc];
#else
  (void)argc;
  return 0;
#endif
}
Determining if the include file stddef.h exists passed with the following output:
Change Dir: /home/omadbek/Desktop/Heal Star/frontend/json-c-build/CMakeFiles/CMakeTmp

Run Build Command(s):/usr/bin/make cmTC_e741c/fast && /usr/bin/make -f CMakeFiles/cmTC_e741c.dir/build.make CMakeFiles/cmTC_e741c.dir/build
make[1]: Entering directory '/home/omadbek/Desktop/Heal Star/frontend/json-c-build/CMakeFiles/CMakeTmp'
Building C object CMakeFiles/cmTC_e741c.dir/CheckIncludeFile.c.o
/usr/bin/cc -D_GNU_SOURCE  -fPIE   -o CMakeFiles/cmTC_e741c.dir/CheckIncludeFile.c.o   -c "/home/omadbek/Desktop/Heal Star/frontend/json-c-build/CMakeFiles/CMakeTmp/CheckIncludeFile.c"
Linking C executable cmTC_e741c
/usr/bin/cmake -E cmake_link_script CMakeFiles/cmTC_e741c.dir/link.txt --verbose=1
/usr/bin/cc      CMakeFiles/cmTC_e741c.dir/CheckIncludeFile.c.o  -o cmTC_e741c  -lm 
make[1]: Leaving directory '/home/omadbek/Desktop/Heal Star/frontend/json-c-build/CMakeFiles/CMakeTmp'



Determining size of int passed with the following output:
Change Dir: /home/omadbek/Desktop/Heal Star/frontend/json-c-build/CMakeFiles/CMakeTmp

Run Build Command(s):/usr/bin/make cmTC_a2e2b/fast && /usr/bin/make -f CMakeFiles/cmTC_a2e2b.dir/build.make CMakeFiles/cmTC_a2e2b.dir/build
make[1]: Entering directory '/home/omadbek/Desktop/Heal Star/frontend/json-c-build/CMakeFiles/CMakeTmp'
Building C object CMakeFiles/cmTC_a2e2b.dir/SIZEOF_INT.c.o
/usr/bin/cc -D_GNU_SOURCE  -fPIE   -o CMakeFiles/cmTC_a2e2b.dir/SIZEOF_INT.c.o   -c "/home/omadbek/Desktop/Heal Star/frontend/json-c-build/CMakeFiles/CheckTypeSize/SIZEOF_INT.c"
Linking C executable cmTC_a2e2b
/usr/bin/cmake -E cmake_link_script CMakeFiles/cmTC_a2e2b.dir/link.txt --verbose=1
/usr/bin/cc      CMakeFiles/cmTC_a2e2b.dir/SIZEOF_INT.c.o  -o cmTC_a2e2b  -lm 
make[1]: Leaving directory '/home/omadbek/Desktop/Heal Star/frontend/json-c-build/CMakeFiles/CMakeTmp'



Determining size of int64_t passed with the following output:
Change Dir: /home/omadbek/Desktop/Heal Star/frontend/json-c-build/CMakeFiles/CMakeTmp

Run Build Command(s):/usr/bin/make cmTC_3ed32/fast && /usr/bin/make -f CMakeFiles/cmTC_3ed32.dir/build.make CMakeFiles/cmTC_3ed32.dir/build
make[1]: Entering directory '/home/omadbek/Desktop/Heal Star/frontend/json-c-build/CMakeFiles/CMakeTmp'
Building C object CMakeFiles/cmTC_3ed32.dir/SIZEOF_INT64_T.c.o
/usr/bin/cc -D_GNU_SOURCE  -fPIE   -o CMakeFiles/cmTC_3ed32.dir/SIZEOF_INT64_T.c.o   -c "/home/omadbek/Desktop/Heal Star/frontend/json-c-build/CMakeFiles/CheckTypeSize/SIZEOF_INT64_T.c"
Linking C executable cmTC_3ed32
/usr/bin/cmake -E cmake_link_script CMakeFiles/cmTC_3ed32.dir/link.txt --verbose=1
/usr/bin/cc      CMakeFiles/cmTC_3ed32.dir/SIZEOF_INT64_T.c.o  -o cmTC_3ed32  -lm 
make[1]: Leaving directory '/home/omadbek/Desktop/Heal Star/frontend/json-c-build/CMakeFiles/CMakeTmp'



Determining size of long passed with the following output:
Change Dir: /home/omadbek/Desktop/Heal Star/frontend/json-c-build/CMakeFiles/CMakeTmp

Run Build Command(s):/usr/bin/make cmTC_4075c/fast && /usr/bin/make -f CMakeFiles/cmTC_4075c.dir/build.make CMakeFiles/cmTC_4075c.dir/build
make[1]: Entering directory '/home/omadbek/Desktop/Heal Star/frontend/json-c-build/CMakeFiles/CMakeTmp'
Building C object CMakeFiles/cmTC_4075c.dir/SIZEOF_LONG.c.o
/usr/bin/cc -D_GNU_SOURCE  -fPIE   -o CMakeFiles/cmTC_4075c.dir/SIZEOF_LONG.c.o   -c "/home/omadbek/Desktop/Heal Star/frontend/json-c-build/CMakeFiles/CheckTypeSize/SIZEOF_LONG.c"
Linking C executable cmTC_4075c
/usr/bin/cmake -E cmake_link_script CMakeFiles/cmTC_4075c.dir/link.txt --verbose=1
/usr/bin/cc      CMakeFiles/cmTC_4075c.dir/SIZEOF_LONG.c.o  -o cmTC_4075c  -lm 
make[1]: Leaving directory '/home/omadbek/Desktop/Heal Star/frontend/json-c-build/CMakeFiles/CMakeTmp'



Determining size of long long passed with the following output:
Change Dir: /home/omadbek/Desktop/Heal Star/frontend/json-c-build/CMakeFiles/CMakeTmp

Run Build Command(s):/usr/bin/make cmTC_0bc79/fast && /usr/bin/make -f CMakeFiles/cmTC_0bc79.dir/build.make CMakeFiles/cmTC_0bc79.dir/build
make[1]: Entering directory '/home/omadbek/Desktop/Heal Star/frontend/json-c-build/CMakeFiles/CMakeTmp'
Building C object CMakeFiles/cmTC_0bc79.dir/SIZEOF_LONG_LONG.c.o
/usr/bin/cc -D_GNU_SOURCE  -fPIE   -o CMakeFiles/cmTC_0bc79.dir/SIZEOF_LONG_LONG.c.o   -c "/home/omadbek/Desktop/Heal Star/frontend/json-c-build/CMakeFiles/CheckTypeSize/SIZEOF_LONG_LONG.c"
Linking C executable cmTC_0bc79
/usr/bin/cmake -E cmake_link_script CMakeFiles/cmTC_0bc79.dir/link.txt --verbose=1
/usr/bin/cc      CMakeFiles/cmTC_0bc79.dir/SIZEOF_LONG_LONG.c.o  -o cmTC_0bc79  -lm 
make[1]: Leaving directory '/home/omadbek/Desktop/Heal Star/frontend/json-c-build/CMakeFiles/CMakeTmp'



Determining size of size_t passed with the following output:
Change Dir: /home/omadbek/Desktop/Heal Star/frontend/json-c-build/CMakeFiles/CMakeTmp

Run Build Command(s):/usr/bin/make cmTC_0bbab/fast && /usr/bin/make -f CMakeFiles/cmTC_0bbab.dir/build.make CMakeFiles/cmTC_0bbab.dir/build
make[1]: Entering directory '/home/omadbek/Desktop/Heal Star/frontend/json-c-build/CMakeFiles/CMakeTmp'
Building C object CMakeFiles/cmTC_0bbab.dir/SIZEOF_SIZE_T.c.o
/usr/bin/cc -D_GNU_SOURCE  -fPIE   -o CMakeFiles/cmTC_0bbab.dir/SIZEOF_SIZE_T.c.o   -c "/home/omadbek/Desktop/Heal Star/frontend/json-c-build/CMakeFiles/CheckTypeSize/SIZEOF_SIZE_T.c"
Linking C executable cmTC_0bbab
/usr/bin/cmake -E cmake_link_script CMakeFiles/cmTC_0bbab.dir/link.txt --verbose=1
/usr/bin/cc      CMakeFiles/cmTC_0bbab.dir/SIZEOF_SIZE_T.c.o  -o cmTC_0bbab  -lm 
make[1]: Leaving directory '/home/omadbek/Desktop/Heal Star/frontend/json-c-build/CMakeFiles/CMakeTmp'



Determining size of ssize_t passed with the following output:
Change Dir: /home/omadbek/Desktop/Heal Star/frontend/json-c-build/CMakeFiles/CMakeTmp

Run Build Command(s):/usr/bin/make cmTC_3e11a/fast && /usr/bin/make -f CMakeFiles/cmTC_3e11a.dir/build.make CMakeFiles/cmTC_3e11a.dir/build
make[1]: Entering directory '/home/omadbek/Desktop/Heal Star/frontend/json-c-build/CMakeFiles/CMakeTmp'
Building C object CMakeFiles/cmTC_3e11a.dir/SIZEOF_SSIZE_T.c.o
/usr/bin/cc -D_GNU_SOURCE  -fPIE   -o CMakeFiles/cmTC_3e11a.dir/SIZEOF_SSIZE_T.c.o   -c "/home/omadbek/Desktop/Heal Star/frontend/json-c-build/CMakeFiles/CheckTypeSize/SIZEOF_SSIZE_T.c"
Linking C executable cmTC_3e11a
/usr/bin/cmake -E cmake_link_script CMakeFiles/cmTC_3e11a.dir/link.txt --verbose=1
/usr/bin/cc      CMakeFiles/cmTC_3e11a.dir/SIZEOF_SSIZE_T.c.o  -o cmTC_3e11a  -lm 
make[1]: Leaving directory '/home/omadbek/Desktop/Heal Star/frontend/json-c-build/CMakeFiles/CMakeTmp'



Performing C SOURCE FILE Test HAVE_ATOMIC_BUILTINS succeeded with the following output:
Change Dir: /home/omadbek/Desktop/Heal Star/frontend/json-c-build/CMakeFiles/CMakeTmp

Run Build Command(s):/usr/bin/make cmTC_7873e/fast && /usr/bin/make -f CMakeFiles/cmTC_7873e.dir/build.make CMakeFiles/cmTC_7873e.dir/build
make[1]: Entering directory '/home/omadbek/Desktop/Heal Star/frontend/json-c-build/CMakeFiles/CMakeTmp'
Building C object CMakeFiles/cmTC_7873e.dir/src.c.o
/usr/bin/cc -D_GNU_SOURCE  -DHAVE_ATOMIC_BUILTINS -fPIE   -o CMakeFiles/cmTC_7873e.dir/src.c.o   -c "/home/omadbek/Desktop/Heal Star/frontend/json-c-build/CMakeFiles/CMakeTmp/src.c"
Linking C executable cmTC_7873e
/usr/bin/cmake -E cmake_link_script CMakeFiles/cmTC_7873e.dir/link.txt --verbose=1
/usr/bin/cc  -DHAVE_ATOMIC_BUILTINS    CMakeFiles/cmTC_7873e.dir/src.c.o  -o cmTC_7873e  -lm 
make[1]: Leaving directory '/home/omadbek/Desktop/Heal Star/frontend/json-c-build/CMakeFiles/CMakeTmp'


Source file was:
int main() { int i, x = 0; i = __sync_add_and_fetch(&x,1); return x; }
Performing C SOURCE FILE Test HAVE___THREAD succeeded with the following output:
Change Dir: /home/omadbek/Desktop/Heal Star/frontend/json-c-build/CMakeFiles/CMakeTmp

Run Build Command(s):/usr/bin/make cmTC_61519/fast && /usr/bin/make -f CMakeFiles/cmTC_61519.dir/build.make CMakeFiles/cmTC_61519.dir/build
make[1]: Entering directory '/home/omadbek/Desktop/Heal Star/frontend/json-c-build/CMakeFiles/CMakeTmp'
Building C object CMakeFiles/cmTC_61519.dir/src.c.o
/usr/bin/cc -D_GNU_SOURCE  -DHAVE___THREAD -fPIE   -o CMakeFiles/cmTC_61519.dir/src.c.o   -c "/home/omadbek/Desktop/Heal Star/frontend/json-c-build/CMakeFiles/CMakeTmp/src.c"
Linking C executable cmTC_61519
/usr/bin/cmake -E cmake_link_script CMakeFiles/cmTC_61519.dir/link.txt --verbose=1
/usr/bin/cc  -DHAVE___THREAD    CMakeFiles/cmTC_61519.dir/src.c.o  -o cmTC_61519  -lm 
make[1]: Leaving directory '/home/omadbek/Desktop/Heal Star/frontend/json-c-build/CMakeFiles/CMakeTmp'


Source file was:
__thread int x = 0; int main() { return 0; }
Performing C SOURCE FILE Test REENTRANT_WORKS succeeded with the following output:
Change Dir: /home/omadbek/Desktop/Heal Star/frontend/json-c-build/CMakeFiles/CMakeTmp

Run Build Command(s):/usr/bin/make cmTC_13875/fast && /usr/bin/make -f CMakeFiles/cmTC_13875.dir/build.make CMakeFiles/cmTC_13875.dir/build
make[1]: Entering directory '/home/omadbek/Desktop/Heal Star/frontend/json-c-build/CMakeFiles/CMakeTmp'
Building C object CMakeFiles/cmTC_13875.dir/src.c.o
/usr/bin/cc -D_GNU_SOURCE  -ffunction-sections -fdata-sections -Werror -Wall -Wcast-qual -Wno-error=deprecated-declarations -Wextra -Wwrite-strings -Wno-unused-parameter -Wstrict-prototypes -DREENTRANT_WORKS -fPIE   -o CMakeFiles/cmTC_13875.dir/src.c.o   -c "/home/omadbek/Desktop/Heal Star/frontend/json-c-build/CMakeFiles/CMakeTmp/src.c"
Linking C executable cmTC_13875
/usr/bin/cmake -E cmake_link_script CMakeFiles/cmTC_13875.dir/link.txt --verbose=1
/usr/bin/cc  -ffunction-sections -fdata-sections -Werror -Wall -Wcast-qual -Wno-error=deprecated-declarations -Wextra -Wwrite-strings -Wno-unused-parameter -Wstrict-prototypes -DREENTRANT_WORKS    CMakeFiles/cmTC_13875.dir/src.c.o  -o cmTC_13875  -lm 
make[1]: Leaving directory '/home/omadbek/Desktop/Heal Star/frontend/json-c-build/CMakeFiles/CMakeTmp'


Source file was:

	/* uClibc toolchains without threading barf when _REENTRANT is defined */
	#define _REENTRANT 1
	#include <sys/types.h>
	int main (void)
	{
	  return 0;
	}
	
Performing C SOURCE FILE Test BSYMBOLIC_WORKS succeeded with the following output:
Change Dir: /home/omadbek/Desktop/Heal Star/frontend/json-c-build/CMakeFiles/CMakeTmp

Run Build Command(s):/usr/bin/make cmTC_5a3b6/fast && /usr/bin/make -f CMakeFiles/cmTC_5a3b6.dir/build.make CMakeFiles/cmTC_5a3b6.dir/build
make[1]: Entering directory '/home/omadbek/Desktop/Heal Star/frontend/json-c-build/CMakeFiles/CMakeTmp'
Building C object CMakeFiles/cmTC_5a3b6.dir/src.c.o
/usr/bin/cc -D_GNU_SOURCE  -ffunction-sections -fdata-sections -Werror -Wall -Wcast-qual -Wno-error=deprecated-declarations -Wextra -Wwrite-strings -Wno-unused-parameter -Wstrict-prototypes -DBSYMBOLIC_WORKS -fPIE   -o CMakeFiles/cmTC_5a3b6.dir/src.c.o   -c "/home/omadbek/Desktop/Heal Star/frontend/json-c-build/CMakeFiles/CMakeTmp/src.c"
Linking C executable cmTC_5a3b6
/usr/bin/cmake -E cmake_link_script CMakeFiles/cmTC_5a3b6.dir/link.txt --verbose=1
/usr/bin/cc  -ffunction-sections -fdata-sections -Werror -Wall -Wcast-qual -Wno-error=deprecated-declarations -Wextra -Wwrite-strings -Wno-unused-parameter -Wstrict-prototypes -DBSYMBOLIC_WORKS    CMakeFiles/cmTC_5a3b6.dir/src.c.o  -o cmTC_5a3b6  -lm -Wl,-Bsymbolic-functions 
make[1]: Leaving directory '/home/omadbek/Desktop/Heal Star/frontend/json-c-build/CMakeFiles/CMakeTmp'


Source file was:

	int main (void)
	{
	  return 0;
	}
	
