Determining if the include file xlocale.h exists failed with the following output:
Change Dir: /home/omadbek/Desktop/Heal Star/frontend/json-c-build/CMakeFiles/CMakeTmp

Run Build Command(s):/usr/bin/make cmTC_79dd3/fast && /usr/bin/make -f CMakeFiles/cmTC_79dd3.dir/build.make CMakeFiles/cmTC_79dd3.dir/build
make[1]: Entering directory '/home/omadbek/Desktop/Heal Star/frontend/json-c-build/CMakeFiles/CMakeTmp'
Building C object CMakeFiles/cmTC_79dd3.dir/CheckIncludeFile.c.o
/usr/bin/cc -D_GNU_SOURCE  -fPIE   -o CMakeFiles/cmTC_79dd3.dir/CheckIncludeFile.c.o   -c "/home/omadbek/Desktop/Heal Star/frontend/json-c-build/CMakeFiles/CMakeTmp/CheckIncludeFile.c"
/home/omadbek/Desktop/Heal Star/frontend/json-c-build/CMakeFiles/CMakeTmp/CheckIncludeFile.c:1:10: fatal error: xlocale.h: No such file or directory
    1 | #include <xlocale.h>
      |          ^~~~~~~~~~~
compilation terminated.
make[1]: *** [CMakeFiles/cmTC_79dd3.dir/build.make:66: CMakeFiles/cmTC_79dd3.dir/CheckIncludeFile.c.o] Error 1
make[1]: Leaving directory '/home/omadbek/Desktop/Heal Star/frontend/json-c-build/CMakeFiles/CMakeTmp'
make: *** [Makefile:121: cmTC_79dd3/fast] Error 2



Determining if the _isnan exist failed with the following output:
Change Dir: /home/omadbek/Desktop/Heal Star/frontend/json-c-build/CMakeFiles/CMakeTmp

Run Build Command(s):/usr/bin/make cmTC_6cb04/fast && /usr/bin/make -f CMakeFiles/cmTC_6cb04.dir/build.make CMakeFiles/cmTC_6cb04.dir/build
make[1]: Entering directory '/home/omadbek/Desktop/Heal Star/frontend/json-c-build/CMakeFiles/CMakeTmp'
Building C object CMakeFiles/cmTC_6cb04.dir/CheckSymbolExists.c.o
/usr/bin/cc -D_GNU_SOURCE  -fPIE   -o CMakeFiles/cmTC_6cb04.dir/CheckSymbolExists.c.o   -c "/home/omadbek/Desktop/Heal Star/frontend/json-c-build/CMakeFiles/CMakeTmp/CheckSymbolExists.c"
/home/omadbek/Desktop/Heal Star/frontend/json-c-build/CMakeFiles/CMakeTmp/CheckSymbolExists.c: In function ‘main’:
/home/omadbek/Desktop/Heal Star/frontend/json-c-build/CMakeFiles/CMakeTmp/CheckSymbolExists.c:8:19: error: ‘_isnan’ undeclared (first use in this function)
    8 |   return ((int*)(&_isnan))[argc];
      |                   ^~~~~~
/home/omadbek/Desktop/Heal Star/frontend/json-c-build/CMakeFiles/CMakeTmp/CheckSymbolExists.c:8:19: note: each undeclared identifier is reported only once for each function it appears in
make[1]: *** [CMakeFiles/cmTC_6cb04.dir/build.make:66: CMakeFiles/cmTC_6cb04.dir/CheckSymbolExists.c.o] Error 1
make[1]: Leaving directory '/home/omadbek/Desktop/Heal Star/frontend/json-c-build/CMakeFiles/CMakeTmp'
make: *** [Makefile:121: cmTC_6cb04/fast] Error 2


File /home/omadbek/Desktop/Heal Star/frontend/json-c-build/CMakeFiles/CMakeTmp/CheckSymbolExists.c:
/* */
#include <float.h>

int main(int argc, char** argv)
{
  (void)argv;
#ifndef _isnan
  return ((int*)(&_isnan))[argc];
#else
  (void)argc;
  return 0;
#endif
}
Determining if the _finite exist failed with the following output:
Change Dir: /home/omadbek/Desktop/Heal Star/frontend/json-c-build/CMakeFiles/CMakeTmp

Run Build Command(s):/usr/bin/make cmTC_77215/fast && /usr/bin/make -f CMakeFiles/cmTC_77215.dir/build.make CMakeFiles/cmTC_77215.dir/build
make[1]: Entering directory '/home/omadbek/Desktop/Heal Star/frontend/json-c-build/CMakeFiles/CMakeTmp'
Building C object CMakeFiles/cmTC_77215.dir/CheckSymbolExists.c.o
/usr/bin/cc -D_GNU_SOURCE  -fPIE   -o CMakeFiles/cmTC_77215.dir/CheckSymbolExists.c.o   -c "/home/omadbek/Desktop/Heal Star/frontend/json-c-build/CMakeFiles/CMakeTmp/CheckSymbolExists.c"
/home/omadbek/Desktop/Heal Star/frontend/json-c-build/CMakeFiles/CMakeTmp/CheckSymbolExists.c: In function ‘main’:
/home/omadbek/Desktop/Heal Star/frontend/json-c-build/CMakeFiles/CMakeTmp/CheckSymbolExists.c:8:19: error: ‘_finite’ undeclared (first use in this function)
    8 |   return ((int*)(&_finite))[argc];
      |                   ^~~~~~~
/home/omadbek/Desktop/Heal Star/frontend/json-c-build/CMakeFiles/CMakeTmp/CheckSymbolExists.c:8:19: note: each undeclared identifier is reported only once for each function it appears in
make[1]: *** [CMakeFiles/cmTC_77215.dir/build.make:66: CMakeFiles/cmTC_77215.dir/CheckSymbolExists.c.o] Error 1
make[1]: Leaving directory '/home/omadbek/Desktop/Heal Star/frontend/json-c-build/CMakeFiles/CMakeTmp'
make: *** [Makefile:121: cmTC_77215/fast] Error 2


File /home/omadbek/Desktop/Heal Star/frontend/json-c-build/CMakeFiles/CMakeTmp/CheckSymbolExists.c:
/* */
#include <float.h>

int main(int argc, char** argv)
{
  (void)argv;
#ifndef _finite
  return ((int*)(&_finite))[argc];
#else
  (void)argc;
  return 0;
#endif
}
Determining if the _doprnt exist failed with the following output:
Change Dir: /home/omadbek/Desktop/Heal Star/frontend/json-c-build/CMakeFiles/CMakeTmp

Run Build Command(s):/usr/bin/make cmTC_55b25/fast && /usr/bin/make -f CMakeFiles/cmTC_55b25.dir/build.make CMakeFiles/cmTC_55b25.dir/build
make[1]: Entering directory '/home/omadbek/Desktop/Heal Star/frontend/json-c-build/CMakeFiles/CMakeTmp'
Building C object CMakeFiles/cmTC_55b25.dir/CheckSymbolExists.c.o
/usr/bin/cc -D_GNU_SOURCE  -fPIE   -o CMakeFiles/cmTC_55b25.dir/CheckSymbolExists.c.o   -c "/home/omadbek/Desktop/Heal Star/frontend/json-c-build/CMakeFiles/CMakeTmp/CheckSymbolExists.c"
/home/omadbek/Desktop/Heal Star/frontend/json-c-build/CMakeFiles/CMakeTmp/CheckSymbolExists.c: In function ‘main’:
/home/omadbek/Desktop/Heal Star/frontend/json-c-build/CMakeFiles/CMakeTmp/CheckSymbolExists.c:8:19: error: ‘_doprnt’ undeclared (first use in this function)
    8 |   return ((int*)(&_doprnt))[argc];
      |                   ^~~~~~~
/home/omadbek/Desktop/Heal Star/frontend/json-c-build/CMakeFiles/CMakeTmp/CheckSymbolExists.c:8:19: note: each undeclared identifier is reported only once for each function it appears in
make[1]: *** [CMakeFiles/cmTC_55b25.dir/build.make:66: CMakeFiles/cmTC_55b25.dir/CheckSymbolExists.c.o] Error 1
make[1]: Leaving directory '/home/omadbek/Desktop/Heal Star/frontend/json-c-build/CMakeFiles/CMakeTmp'
make: *** [Makefile:121: cmTC_55b25/fast] Error 2


File /home/omadbek/Desktop/Heal Star/frontend/json-c-build/CMakeFiles/CMakeTmp/CheckSymbolExists.c:
/* */
#include <stdio.h>

int main(int argc, char** argv)
{
  (void)argv;
#ifndef _doprnt
  return ((int*)(&_doprnt))[argc];
#else
  (void)argc;
  return 0;
#endif
}
Determining if the arc4random exist failed with the following output:
Change Dir: /home/omadbek/Desktop/Heal Star/frontend/json-c-build/CMakeFiles/CMakeTmp

Run Build Command(s):/usr/bin/make cmTC_59d0f/fast && /usr/bin/make -f CMakeFiles/cmTC_59d0f.dir/build.make CMakeFiles/cmTC_59d0f.dir/build
make[1]: Entering directory '/home/omadbek/Desktop/Heal Star/frontend/json-c-build/CMakeFiles/CMakeTmp'
Building C object CMakeFiles/cmTC_59d0f.dir/CheckSymbolExists.c.o
/usr/bin/cc -D_GNU_SOURCE  -fPIE   -o CMakeFiles/cmTC_59d0f.dir/CheckSymbolExists.c.o   -c "/home/omadbek/Desktop/Heal Star/frontend/json-c-build/CMakeFiles/CMakeTmp/CheckSymbolExists.c"
/home/omadbek/Desktop/Heal Star/frontend/json-c-build/CMakeFiles/CMakeTmp/CheckSymbolExists.c: In function ‘main’:
/home/omadbek/Desktop/Heal Star/frontend/json-c-build/CMakeFiles/CMakeTmp/CheckSymbolExists.c:8:19: error: ‘arc4random’ undeclared (first use in this function); did you mean ‘srandom’?
    8 |   return ((int*)(&arc4random))[argc];
      |                   ^~~~~~~~~~
      |                   srandom
/home/omadbek/Desktop/Heal Star/frontend/json-c-build/CMakeFiles/CMakeTmp/CheckSymbolExists.c:8:19: note: each undeclared identifier is reported only once for each function it appears in
make[1]: *** [CMakeFiles/cmTC_59d0f.dir/build.make:66: CMakeFiles/cmTC_59d0f.dir/CheckSymbolExists.c.o] Error 1
make[1]: Leaving directory '/home/omadbek/Desktop/Heal Star/frontend/json-c-build/CMakeFiles/CMakeTmp'
make: *** [Makefile:121: cmTC_59d0f/fast] Error 2


File /home/omadbek/Desktop/Heal Star/frontend/json-c-build/CMakeFiles/CMakeTmp/CheckSymbolExists.c:
/* */
#include <stdlib.h>

int main(int argc, char** argv)
{
  (void)argv;
#ifndef arc4random
  return ((int*)(&arc4random))[argc];
#else
  (void)argc;
  return 0;
#endif
}
Determining if the include file bsd/stdlib.h exists failed with the following output:
Change Dir: /home/omadbek/Desktop/Heal Star/frontend/json-c-build/CMakeFiles/CMakeTmp

Run Build Command(s):/usr/bin/make cmTC_33048/fast && /usr/bin/make -f CMakeFiles/cmTC_33048.dir/build.make CMakeFiles/cmTC_33048.dir/build
make[1]: Entering directory '/home/omadbek/Desktop/Heal Star/frontend/json-c-build/CMakeFiles/CMakeTmp'
Building C object CMakeFiles/cmTC_33048.dir/CheckIncludeFile.c.o
/usr/bin/cc -D_GNU_SOURCE  -fPIE   -o CMakeFiles/cmTC_33048.dir/CheckIncludeFile.c.o   -c "/home/omadbek/Desktop/Heal Star/frontend/json-c-build/CMakeFiles/CMakeTmp/CheckIncludeFile.c"
/home/omadbek/Desktop/Heal Star/frontend/json-c-build/CMakeFiles/CMakeTmp/CheckIncludeFile.c:1:10: fatal error: bsd/stdlib.h: No such file or directory
    1 | #include <bsd/stdlib.h>
      |          ^~~~~~~~~~~~~~
compilation terminated.
make[1]: *** [CMakeFiles/cmTC_33048.dir/build.make:66: CMakeFiles/cmTC_33048.dir/CheckIncludeFile.c.o] Error 1
make[1]: Leaving directory '/home/omadbek/Desktop/Heal Star/frontend/json-c-build/CMakeFiles/CMakeTmp'
make: *** [Makefile:121: cmTC_33048/fast] Error 2



Performing C SOURCE FILE Test HAS_GNU_WARNING_LONG failed with the following output:
Change Dir: /home/omadbek/Desktop/Heal Star/frontend/json-c-build/CMakeFiles/CMakeTmp

Run Build Command(s):/usr/bin/make cmTC_d8542/fast && /usr/bin/make -f CMakeFiles/cmTC_d8542.dir/build.make CMakeFiles/cmTC_d8542.dir/build
make[1]: Entering directory '/home/omadbek/Desktop/Heal Star/frontend/json-c-build/CMakeFiles/CMakeTmp'
Building C object CMakeFiles/cmTC_d8542.dir/src.c.o
/usr/bin/cc -D_GNU_SOURCE  -DHAS_GNU_WARNING_LONG -fPIE   -o CMakeFiles/cmTC_d8542.dir/src.c.o   -c "/home/omadbek/Desktop/Heal Star/frontend/json-c-build/CMakeFiles/CMakeTmp/src.c"
/home/omadbek/Desktop/Heal Star/frontend/json-c-build/CMakeFiles/CMakeTmp/src.c:3:9: warning: missing terminating " character
    3 | __asm__(".section .gnu.json_object_get
      |         ^
/home/omadbek/Desktop/Heal Star/frontend/json-c-build/CMakeFiles/CMakeTmp/src.c:3:9: error: missing terminating " character
    3 | __asm__(".section .gnu.json_object_get
      |         ^~~~~~~~~~~~~~~~~~~~~~~~~~~~~~
/home/omadbek/Desktop/Heal Star/frontend/json-c-build/CMakeFiles/CMakeTmp/src.c:4:2: error: expected string literal before ‘.’ token
    4 |  .ascii "Please link against libjson-c instead of libjson"
      |  ^
/home/omadbek/Desktop/Heal Star/frontend/json-c-build/CMakeFiles/CMakeTmp/src.c:5:7: warning: missing terminating " character
    5 |  .text");
      |       ^
/home/omadbek/Desktop/Heal Star/frontend/json-c-build/CMakeFiles/CMakeTmp/src.c:5:7: error: missing terminating " character
    5 |  .text");
      |       ^~~
make[1]: *** [CMakeFiles/cmTC_d8542.dir/build.make:66: CMakeFiles/cmTC_d8542.dir/src.c.o] Error 1
make[1]: Leaving directory '/home/omadbek/Desktop/Heal Star/frontend/json-c-build/CMakeFiles/CMakeTmp'
make: *** [Makefile:121: cmTC_d8542/fast] Error 2


Source file was:

extern void json_object_get();
__asm__(".section .gnu.json_object_get
	.ascii "Please link against libjson-c instead of libjson"
	.text");
int main(int c, char *v) { return 0;}

Performing C SOURCE FILE Test VERSION_SCRIPT_WORKS failed with the following output:
Change Dir: /home/omadbek/Desktop/Heal Star/frontend/json-c-build/CMakeFiles/CMakeTmp

Run Build Command(s):/usr/bin/make cmTC_d9315/fast && /usr/bin/make -f CMakeFiles/cmTC_d9315.dir/build.make CMakeFiles/cmTC_d9315.dir/build
make[1]: Entering directory '/home/omadbek/Desktop/Heal Star/frontend/json-c-build/CMakeFiles/CMakeTmp'
Building C object CMakeFiles/cmTC_d9315.dir/src.c.o
/usr/bin/cc -D_GNU_SOURCE  -ffunction-sections -fdata-sections -Werror -Wall -Wcast-qual -Wno-error=deprecated-declarations -Wextra -Wwrite-strings -Wno-unused-parameter -Wstrict-prototypes -DVERSION_SCRIPT_WORKS -fPIE   -o CMakeFiles/cmTC_d9315.dir/src.c.o   -c "/home/omadbek/Desktop/Heal Star/frontend/json-c-build/CMakeFiles/CMakeTmp/src.c"
Linking C executable cmTC_d9315
/usr/bin/cmake -E cmake_link_script CMakeFiles/cmTC_d9315.dir/link.txt --verbose=1
/usr/bin/cc  -ffunction-sections -fdata-sections -Werror -Wall -Wcast-qual -Wno-error=deprecated-declarations -Wextra -Wwrite-strings -Wno-unused-parameter -Wstrict-prototypes -DVERSION_SCRIPT_WORKS    CMakeFiles/cmTC_d9315.dir/src.c.o  -o cmTC_d9315  -lm -Wl,--version-script,/home/omadbek/Desktop/Heal Star/frontend/json-c-build/check-version-script.sym 
cc: error: Star/frontend/json-c-build/check-version-script.sym: No such file or directory
make[1]: *** [CMakeFiles/cmTC_d9315.dir/build.make:87: cmTC_d9315] Error 1
make[1]: Leaving directory '/home/omadbek/Desktop/Heal Star/frontend/json-c-build/CMakeFiles/CMakeTmp'
make: *** [Makefile:121: cmTC_d9315/fast] Error 2


Source file was:

	int main (void)
	{
	  return 0;
	}
	
